[2026-02-17 10:51:43] started pid=20808
[2026-02-17 10:51:44] error The property 'Count' cannot be found on this object. Verify that the property exists.
[2026-02-17 10:52:31] started pid=16180
[2026-02-17 10:52:32] error The property 'Count' cannot be found on this object. Verify that the property exists.
[2026-02-17 10:52:56] started pid=25276
[2026-02-17 10:52:56] error The property 'Count' cannot be found on this object. Verify that the property exists.
[2026-02-17 10:53:39] started pid=13140
[2026-02-17 10:53:40] error line=119 msg=The property 'Count' cannot be found on this object. Verify that the property exists. src=$dangerCount = ($rows | Where-Object { $_.Danger }).Count
[2026-02-17 10:54:17] started pid=8772
[2026-02-17 10:54:18] update inicio 10:51:24 -> fin 10:54:08 | XSP 679.55 | VIX 22.2 | PnL ult=3.08 rango=[3.08, 3.70]
[2026-02-17 10:56:21] started pid=13700
[2026-02-17 10:56:22] update inicio 10:53:24 -> fin 10:56:20 | XSP 679.8 | VIX 22.1 | PnL ult=6.59 rango=[3.08, 6.59]
[2026-02-17 11:14:57] started pid=992
[2026-02-17 11:24:06] started pid=15968
[2026-02-17 11:24:06] update inicio 11:15:01 -> fin 11:24:00 | XSP 684.7 | VIX 20.8 | PnL ult=-6.43 rango=[-7.38, -1.84]
[2026-02-17 11:54:07] update inicio 11:24:11 -> fin 11:53:59 | XSP 683.82 | VIX 20.7 | PnL ult=6.73 rango=[-9.81, 7.80]
[2026-02-19 09:31:09] started pid=5672
[2026-02-19 09:31:40] error line=93 msg=Cannot find an overload for "TryParseExact" and the argument count: "5". src=$isTime = [datetime]::TryParseExact(
[2026-02-19 09:33:23] started pid=9160
[2026-02-19 09:36:43] started pid=13964
[2026-02-19 10:04:45] event-update attempts=2 fails=0
[2026-02-19 10:05:15] event-update attempts=2 fails=1
[2026-02-19 10:07:45] event-update attempts=0 fails=1
[2026-02-19 10:11:15] event-update attempts=2 fails=0
[2026-02-19 10:11:45] event-update attempts=3 fails=1
[2026-02-19 10:13:15] event-update attempts=4 fails=1
[2026-02-19 10:13:45] event-update attempts=5 fails=2
[2026-02-19 10:14:15] event-update attempts=3 fails=2
[2026-02-19 10:14:45] event-update attempts=2 fails=1
[2026-02-19 10:16:15] event-update attempts=2 fails=1
[2026-02-19 10:16:45] event-update attempts=1 fails=1
[2026-02-19 10:19:16] event-update attempts=0 fails=1
[2026-02-19 10:21:46] event-update attempts=2 fails=0
[2026-02-19 10:22:16] update inicio 10:21:50 -> fin 10:22:12 | XSP 686.15 | VIX 20.5 | PnL ult=-10.02 rango=[-10.02, -10.02]
[2026-02-19 10:25:16] update inicio 10:23:45 -> fin 10:25:13 | XSP 686.78 | VIX 20.1 | PnL ult=-12.07 rango=[-12.07, -10.02]
[2026-02-19 10:28:16] update inicio 10:25:24 -> fin 10:28:11 | XSP 686.05 | VIX 20.4 | PnL ult=-8.29 rango=[-12.07, -8.29]
[2026-02-19 10:31:16] update inicio 10:28:22 -> fin 10:31:10 | XSP 686.18 | VIX 20.5 | PnL ult=-9.32 rango=[-9.32, -8.29]
[2026-02-19 10:34:16] update inicio 10:31:21 -> fin 10:34:03 | XSP 687.18 | VIX 0 | PnL ult=-10.60 rango=[-10.60, -9.32]
[2026-02-19 10:37:16] update inicio 10:34:20 -> fin 10:37:12 | XSP 687.22 | VIX 20.1 | PnL ult=-7.33 rango=[-10.60, -7.33]
[2026-02-19 10:38:20] started pid=14744
[2026-02-19 10:38:21] update inicio 10:28:22 -> fin 10:38:19 | XSP 687.27 | VIX 20.1 | PnL ult=-7.33 rango=[-10.60, -7.33]
[2026-02-19 10:48:21] update inicio 10:38:30 -> fin 10:48:18 | XSP 687.19 | VIX 20 | PnL ult=-6.40 rango=[-8.80, -6.40]
[2026-02-19 10:58:21] update inicio 10:48:29 -> fin 10:58:15 | XSP 686.74 | VIX 20.1 | PnL ult=-0.79 rango=[-6.40, -0.79]
[2026-02-19 11:08:21] update inicio 10:58:26 -> fin 11:08:21 | XSP 685.93 | VIX 20.4 | PnL ult=0.72 rango=[-0.79, 0.72]
[2026-02-19 11:18:21] update inicio 11:08:21 -> fin 11:18:13 | XSP 687.1 | VIX 20 | PnL ult=2.30 rango=[0.72, 2.30]
[2026-02-19 11:28:21] update inicio 11:18:25 -> fin 11:28:11 | XSP 686.53 | VIX 20 | PnL ult=4.55 rango=[1.08, 4.55]
[2026-02-19 11:34:51] started pid=5672
[2026-02-19 11:34:52] update inicio 11:14:54 -> fin 11:34:50 | XSP 686.76 | VIX 20 | PnL ult=6.83 rango=[1.08, 6.83]
[2026-02-19 11:49:11] started pid=19300
[2026-02-19 11:49:11] update inicio 11:29:17 -> fin 11:49:02 | XSP 684.92 | VIX 20.6 | PnL ult=5.68 rango=[4.55, 8.17]
[2026-02-19 12:09:11] update inicio 11:49:13 -> fin 12:09:01 | XSP 684.87 | VIX 20.6 | PnL ult=4.63 rango=[3.07, 8.05]
[2026-02-19 12:29:11] update inicio 12:09:12 -> fin 12:29:00 | XSP 685.58 | VIX 20.3 | PnL ult=10.71 rango=[4.63, 11.02]
[2026-02-19 12:49:12] update inicio 12:29:23 -> fin 12:49:08 | XSP 684.25 | VIX 20.7 | PnL ult=7.16 rango=[7.16, 11.48]
[2026-02-19 13:09:12] update inicio 12:49:19 -> fin 13:09:02 | XSP 684.23 | VIX 20.7 | PnL ult=8.41 rango=[6.17, 9.87]
[2026-02-19 13:29:12] update inicio 13:09:13 -> fin 13:29:02 | XSP 684.21 | VIX 20.9 | PnL ult=9.51 rango=[7.20, 11.33]
[2026-02-19 13:49:12] update inicio 13:29:13 -> fin 13:49:10 | XSP 684.92 | VIX 20.6 | PnL ult=13.77 rango=[9.51, 13.77]
[2026-02-19 14:09:12] update inicio 13:49:21 -> fin 14:09:01 | XSP 685.62 | VIX 20.4 | PnL ult=14.63 rango=[13.77, 14.73]
[2026-02-19 14:29:12] update inicio 14:09:12 -> fin 14:29:03 | XSP 685.11 | VIX 20.6 | PnL ult=14.92 rango=[14.63, 15.04]
[2026-02-19 14:49:12] update inicio 14:29:14 -> fin 14:49:03 | XSP 684.17 | VIX 20.9 | PnL ult=13.96 rango=[13.78, 15.05]
[2026-02-19 15:09:13] update inicio 14:49:14 -> fin 15:09:12 | XSP 684.71 | VIX 20.6 | PnL ult=15.62 rango=[13.96, 16.67]
[2026-02-19 15:29:13] update inicio 15:09:23 -> fin 15:29:02 | XSP 684.58 | VIX 20.7 | PnL ult=16.51 rango=[15.62, 16.79]
[2026-02-19 15:49:13] update inicio 15:29:13 -> fin 15:49:13 | XSP 685.43 | VIX 20.5 | PnL ult=17.01 rango=[16.51, 17.01]
[2026-02-19 16:09:13] update inicio 15:49:13 -> fin 16:09:13 | XSP 686.19 | VIX 20.2 | PnL ult=17.08 rango=[16.77, 17.08]
[2026-02-19 16:29:13] update inicio 16:09:13 -> fin 16:28:40 | XSP 686.19 | VIX 20.2 | PnL ult=17.08 rango=[17.08, 17.08]
[2026-02-19 16:49:13] event-update attempts=1 fails=0
[2026-02-20 09:17:44] started pid=20448
[2026-02-20 09:30:46] started pid=29320
[2026-02-20 09:36:51] started pid=3328
[2026-02-20 10:03:53] event-update attempts=1 fails=0
[2026-02-20 10:04:23] event-update attempts=3 fails=0
[2026-02-20 10:04:53] event-update attempts=5 fails=0
[2026-02-20 10:05:23] event-update attempts=6 fails=1
[2026-02-20 10:06:53] event-update attempts=7 fails=1
[2026-02-20 10:07:23] event-update attempts=9 fails=1
[2026-02-20 10:07:53] event-update attempts=10 fails=1
[2026-02-20 10:08:23] event-update attempts=12 fails=1
[2026-02-20 10:08:53] event-update attempts=14 fails=1
[2026-02-20 10:09:23] event-update attempts=15 fails=1
[2026-02-20 10:10:54] event-update attempts=16 fails=1
[2026-02-20 10:11:24] event-update attempts=18 fails=1
[2026-02-20 10:11:54] event-update attempts=19 fails=2
[2026-02-20 10:13:24] event-update attempts=20 fails=2
[2026-02-20 10:13:54] event-update attempts=21 fails=3
[2026-02-20 10:15:24] event-update attempts=22 fails=3
[2026-02-20 10:15:54] event-update attempts=24 fails=3
[2026-02-20 10:16:24] event-update attempts=25 fails=4
[2026-02-20 10:17:54] event-update attempts=26 fails=4
[2026-02-20 10:18:24] event-update attempts=28 fails=4
[2026-02-20 10:18:55] event-update attempts=30 fails=4
[2026-02-20 10:19:25] event-update attempts=30 fails=5
[2026-02-20 10:20:55] event-update attempts=32 fails=5
[2026-02-20 10:21:25] event-update attempts=34 fails=5
[2026-02-20 10:21:55] event-update attempts=35 fails=6
[2026-02-20 10:23:25] event-update attempts=36 fails=6
[2026-02-20 10:23:55] event-update attempts=35 fails=7
[2026-02-20 10:24:25] event-update attempts=33 fails=7
[2026-02-20 10:24:55] event-update attempts=32 fails=7
[2026-02-20 10:25:25] event-update attempts=33 fails=6
[2026-02-20 10:25:55] event-update attempts=33 fails=7
[2026-02-20 10:26:55] event-update attempts=32 fails=7
[2026-02-20 10:27:25] event-update attempts=32 fails=7
[2026-02-20 10:27:56] event-update attempts=32 fails=7
[2026-02-20 10:28:26] event-update attempts=32 fails=8
[2026-02-20 10:28:56] event-update attempts=30 fails=8
[2026-02-20 10:29:26] event-update attempts=29 fails=8
[2026-02-20 10:29:56] event-update attempts=30 fails=8
[2026-02-20 10:30:26] event-update attempts=31 fails=9
[2026-02-20 10:30:56] event-update attempts=30 fails=9
[2026-02-20 10:31:26] event-update attempts=28 fails=9
[2026-02-20 10:31:56] event-update attempts=28 fails=8
[2026-02-20 10:32:26] event-update attempts=30 fails=8
[2026-02-20 10:32:56] event-update attempts=31 fails=9
[2026-02-20 10:33:26] event-update attempts=30 fails=9
[2026-02-20 10:33:56] event-update attempts=29 fails=8
[2026-02-20 10:34:26] event-update attempts=31 fails=8
[2026-02-20 10:34:57] event-update attempts=32 fails=8
[2026-02-20 10:35:27] event-update attempts=31 fails=9
[2026-02-20 10:35:57] event-update attempts=30 fails=9
[2026-02-20 10:36:27] event-update attempts=29 fails=8
[2026-02-20 10:36:57] event-update attempts=31 fails=8
[2026-02-20 10:37:27] event-update attempts=33 fails=8
[2026-02-20 10:37:57] event-update attempts=32 fails=8
[2026-02-20 10:38:27] event-update attempts=31 fails=9
[2026-02-20 10:38:57] event-update attempts=29 fails=9
[2026-02-20 10:39:27] event-update attempts=30 fails=8
[2026-02-20 10:39:57] event-update attempts=32 fails=8
[2026-02-20 10:40:27] event-update attempts=31 fails=9
[2026-02-20 10:40:57] event-update attempts=30 fails=9
[2026-02-20 10:41:27] event-update attempts=28 fails=9
[2026-02-20 10:41:58] event-update attempts=29 fails=8
[2026-02-20 10:42:28] event-update attempts=30 fails=9
[2026-02-20 10:43:28] event-update attempts=29 fails=8
[2026-02-20 10:43:58] event-update attempts=30 fails=8
[2026-02-20 10:44:28] event-update attempts=32 fails=8
[2026-02-20 10:44:58] event-update attempts=32 fails=9
[2026-02-20 10:45:28] event-update attempts=30 fails=9
[2026-02-20 10:45:58] event-update attempts=30 fails=8
[2026-02-20 10:46:28] event-update attempts=31 fails=8
[2026-02-20 10:46:58] event-update attempts=32 fails=9
[2026-02-20 10:47:28] event-update attempts=30 fails=9
[2026-02-20 10:47:58] event-update attempts=28 fails=9
[2026-02-20 10:48:29] event-update attempts=29 fails=8
[2026-02-20 10:48:59] event-update attempts=30 fails=8
[2026-02-20 10:49:29] event-update attempts=31 fails=9
[2026-02-20 10:49:59] event-update attempts=30 fails=9
[2026-02-20 10:50:29] event-update attempts=29 fails=8
[2026-02-20 10:50:59] event-update attempts=31 fails=8
[2026-02-20 10:51:29] event-update attempts=33 fails=8
[2026-02-20 10:51:59] event-update attempts=31 fails=9
[2026-02-20 10:52:29] event-update attempts=29 fails=9
[2026-02-20 10:52:59] event-update attempts=29 fails=8
[2026-02-20 10:53:29] event-update attempts=31 fails=8
[2026-02-20 10:53:59] event-update attempts=33 fails=8
[2026-02-20 10:54:30] update inicio 10:54:03 -> fin 10:54:25 | XSP 690.47 | VIX 18.9 | PnL ult=-17.59 rango=[-17.59, -17.59]
[2026-02-20 11:14:30] update inicio 10:54:36 -> fin 11:14:26 | XSP 689.95 | VIX 19 | PnL ult=-0.20 rango=[-20.84, -0.20]
[2026-02-20 11:34:30] update inicio 11:14:37 -> fin 11:34:29 | XSP 689.02 | VIX 19.3 | PnL ult=3.72 rango=[-1.25, 3.72]
[2026-02-20 11:38:33] started pid=11204
[2026-02-20 11:38:33] update inicio 11:18:37 -> fin 11:37:56 | XSP 689.06 | VIX 19.3 | PnL ult=6.90 rango=[-1.25, 6.90]
[2026-02-20 11:58:34] update inicio 11:40:29 -> fin 11:58:30 | XSP 690.72 | VIX 19 | PnL ult=4.16 rango=[1.61, 5.72]
[2026-02-20 12:18:34] update inicio 11:58:41 -> fin 12:18:24 | XSP 687.15 | VIX 20 | PnL ult=-9.64 rango=[-9.64, 6.94]
[2026-02-20 12:38:34] update inicio 12:18:35 -> fin 12:38:29 | XSP 687.17 | VIX 20.2 | PnL ult=-2.31 rango=[-19.91, 0.75]
[2026-02-20 12:58:34] update inicio 12:38:40 -> fin 12:58:26 | XSP 688.95 | VIX 19.6 | PnL ult=9.99 rango=[-2.31, 9.99]
[2026-02-20 13:35:18] started pid=26916
[2026-02-20 13:35:18] update inicio 13:25:01 -> fin 13:35:13 | XSP 689.59 | VIX 19.4 | PnL ult=7.58 rango=[7.58, 15.21]
[2026-02-20 13:55:19] update inicio 13:35:24 -> fin 13:55:10 | XSP 691.12 | VIX 18.9 | PnL ult=7.29 rango=[-0.46, 16.55]
[2026-02-20 14:15:19] update inicio 13:55:21 -> fin 14:15:12 | XSP 690.07 | VIX 19.1 | PnL ult=20.94 rango=[5.46, 20.94]
[2026-02-20 14:39:07] update inicio 14:19:13 -> fin 14:38:58 | XSP 690.18 | VIX 19 | PnL ult=25.33 rango=[22.58, 25.33]
[2026-02-20 14:59:07] update inicio 14:39:09 -> fin 14:59:06 | XSP 689.8 | VIX 19.1 | PnL ult=27.69 rango=[25.33, 27.98]
[2026-02-20 15:19:07] update inicio 14:59:17 -> fin 15:18:59 | XSP 690.34 | VIX 19.2 | PnL ult=27.68 rango=[23.96, 28.82]
[2026-02-20 15:39:07] update inicio 15:19:10 -> fin 15:39:02 | XSP 690.21 | VIX 19.2 | PnL ult=29.37 rango=[27.68, 29.49]
[2026-02-20 15:59:08] update inicio 15:39:13 -> fin 15:59:05 | XSP 690.67 | VIX 19.2 | PnL ult=29.30 rango=[29.20, 29.37]
[2026-02-23 09:45:55] started pid=18680
[2026-02-23 10:07:21] started pid=19064
[2026-02-23 10:07:22] event-update attempts=4 fails=4
[2026-02-23 10:08:52] event-update attempts=6 fails=4
[2026-02-23 10:09:22] event-update attempts=8 fails=4
[2026-02-23 10:09:52] event-update attempts=8 fails=5
[2026-02-23 10:11:22] event-update attempts=9 fails=5
[2026-02-23 10:11:52] event-update attempts=9 fails=6
[2026-02-23 10:12:52] event-update attempts=10 fails=6
[2026-02-23 10:13:23] event-update attempts=12 fails=6
[2026-02-23 10:13:53] update inicio 10:13:43 -> fin 10:13:43 | XSP 686.37 | VIX 20.8 | PnL ult=-15.36 rango=[-15.36, -15.36]
[2026-02-23 10:15:50] started pid=17484
[2026-02-23 10:16:21] update inicio 10:15:55 -> fin 10:16:17 | XSP 686.13 | VIX 20.8 | PnL ult=-15.36 rango=[-15.36, -15.36]
[2026-02-23 10:36:21] update inicio 10:16:29 -> fin 10:36:15 | XSP 685.42 | VIX 21 | PnL ult=-5.72 rango=[-15.36, -5.72]
[2026-02-23 10:56:21] update inicio 10:36:26 -> fin 10:56:11 | XSP 684.17 | VIX 21.3 | PnL ult=-10.37 rango=[-10.37, -3.92]
[2026-02-23 10:57:31] started pid=16568
[2026-02-23 10:57:32] trade-context-header trade_id=3
[2026-02-23 10:57:32] update inicio 10:37:42 -> fin 10:57:27 | XSP 684.17 | VIX 21.3 | PnL ult=-10.37 rango=[-10.37, -3.92]
[2026-02-23 11:17:32] update inicio 10:57:38 -> fin 11:17:29 | XSP 682.29 | VIX 21.9 | PnL ult=-35.95 rango=[-35.95, -10.37]
[2026-02-23 11:46:11] update inicio 11:26:13 -> fin 11:46:09 | XSP 684.03 | VIX 21.1 | PnL ult=-0.69 rango=[-11.96, -0.69]
[2026-02-23 12:06:11] update inicio 11:46:20 -> fin 12:06:09 | XSP 683.73 | VIX 21.2 | PnL ult=-4.78 rango=[-6.01, -0.06]
[2026-02-23 12:26:11] update inicio 12:06:20 -> fin 12:26:11 | XSP 683.51 | VIX 21.3 | PnL ult=-1.49 rango=[-4.78, 0.80]
[2026-02-23 12:46:12] update inicio 12:26:11 -> fin 12:46:10 | XSP 683.07 | VIX 21.5 | PnL ult=-1.93 rango=[-18.59, -1.49]
[2026-02-23 13:06:12] update inicio 12:46:21 -> fin 13:06:08 | XSP 684.06 | VIX 21 | PnL ult=10.44 rango=[-8.29, 10.44]
[2026-02-23 13:26:12] update inicio 13:06:19 -> fin 13:26:05 | XSP 685.27 | VIX 20.6 | PnL ult=16.76 rango=[10.44, 16.76]
[2026-02-23 14:14:13] update inicio 14:09:28 -> fin 14:14:12 | XSP 683.73 | VIX 21.1 | PnL ult=14.92 rango=[10.85, 19.41]
[2026-02-23 14:34:13] update inicio 14:14:23 -> fin 14:34:12 | XSP 682.95 | VIX 21.2 | PnL ult=13.55 rango=[11.03, 15.85]
[2026-02-23 14:54:14] update inicio 14:34:23 -> fin 14:54:12 | XSP 682.83 | VIX 21.4 | PnL ult=11.74 rango=[1.03, 13.55]
[2026-02-23 15:14:14] update inicio 14:54:23 -> fin 15:14:12 | XSP 682.41 | VIX 21.7 | PnL ult=9.74 rango=[9.74, 15.23]
[2026-02-23 15:34:14] update inicio 15:14:23 -> fin 15:34:13 | XSP 683.77 | VIX 21.2 | PnL ult=22.49 rango=[9.74, 22.49]
[2026-02-23 15:54:14] update inicio 15:34:24 -> fin 15:54:13 | XSP 682.76 | VIX 21.6 | PnL ult=23.63 rango=[20.60, 23.63]
[2026-02-23 16:14:15] update inicio 15:54:24 -> fin 15:59:52 | XSP 683.69 | VIX 21.4 | PnL ult=23.64 rango=[23.58, 23.64]
[2026-02-23 17:28:17] manual-stop requested by user
[2026-02-26 08:20:00] started pid=6556
[2026-02-26 09:33:56] started pid=13512
[2026-02-26 10:01:29] event-update attempts=1 fails=0
[2026-02-26 10:01:41] event-update attempts=1 fails=0
[2026-02-26 10:01:59] event-update attempts=2 fails=0
[2026-02-26 10:02:11] event-update attempts=2 fails=0
[2026-02-26 10:02:29] trade-context-header trade_id=4
[2026-02-26 10:02:30] update inicio 10:02:27 -> fin 10:02:27 | XSP 691.46 | VIX 18.9 | PnL ult=-9.54 rango=[-9.54, -9.54]
[2026-02-26 10:02:41] update inicio 10:02:27 -> fin 10:02:38 | XSP 691.35 | VIX 18.9 | PnL ult=-9.54 rango=[-9.54, -9.54]
[2026-02-26 10:22:30] update inicio 10:02:38 -> fin 10:22:27 | XSP 686.78 | VIX 20.5 | PnL ult=-13.92 rango=[-13.92, -2.57]
[2026-02-26 10:22:41] update inicio 10:02:49 -> fin 10:22:38 | XSP 686.91 | VIX 20.5 | PnL ult=-13.92 rango=[-13.92, -2.57]
[2026-02-26 10:42:30] update inicio 10:22:38 -> fin 10:42:24 | XSP 688.5 | VIX 19.6 | PnL ult=-7.17 rango=[-29.08, -7.17]
[2026-02-26 10:42:42] update inicio 10:22:49 -> fin 10:42:34 | XSP 688.53 | VIX 19.6 | PnL ult=-7.17 rango=[-29.08, -7.17]
[2026-02-26 11:02:30] update inicio 10:42:34 -> fin 11:02:26 | XSP 689.29 | VIX 19.4 | PnL ult=5.08 rango=[-7.17, 5.08]
[2026-02-26 11:02:42] update inicio 10:42:45 -> fin 11:02:37 | XSP 689.34 | VIX 19.4 | PnL ult=5.08 rango=[-7.17, 5.08]
[2026-02-26 11:22:30] update inicio 11:02:37 -> fin 11:18:02 | XSP 0 | VIX 0 | PnL ult=10.78 rango=[4.93, 10.78]
[2026-02-26 11:22:42] update inicio 11:02:49 -> fin 11:18:02 | XSP 0 | VIX 0 | PnL ult=10.78 rango=[4.93, 10.78]
[2026-02-26 16:44:28] update inicio 16:44:18 -> fin 16:44:18 | XSP 0 | VIX 0 | PnL ult=10.78 rango=[10.78, 10.78]
[2026-02-26 16:44:40] update inicio 16:44:18 -> fin 16:44:18 | XSP 0 | VIX 0 | PnL ult=10.78 rango=[10.78, 10.78]
[2026-02-27 08:51:48] started pid=11444
[2026-02-27 10:00:56] event-update attempts=1 fails=0
[2026-02-27 10:01:26] trade-context-header trade_id=5
[2026-02-27 10:01:27] update inicio 10:01:19 -> fin 10:01:19 | XSP 685.11 | VIX 21.1 | PnL ult=-7.14 rango=[-7.14, -7.14]
[2026-02-27 10:21:27] update inicio 10:01:30 -> fin 10:21:19 | XSP 686.04 | VIX 20.6 | PnL ult=-3.56 rango=[-18.41, -3.56]
[2026-02-27 10:41:27] update inicio 10:21:30 -> fin 10:41:16 | XSP 686.4 | VIX 20.3 | PnL ult=-7.71 rango=[-14.92, -2.89]
[2026-02-27 11:01:27] update inicio 10:41:27 -> fin 11:01:18 | XSP 686.94 | VIX 20.1 | PnL ult=-6.92 rango=[-16.29, 0.23]
[2026-02-27 11:21:27] update inicio 11:01:29 -> fin 11:21:22 | XSP 686.97 | VIX 20 | PnL ult=-12.70 rango=[-13.56, 0.08]
[2026-02-27 11:41:27] update inicio 11:21:33 -> fin 11:41:24 | XSP 686.77 | VIX 20 | PnL ult=1.50 rango=[-15.62, 1.50]
[2026-02-27 12:01:27] update inicio 11:41:35 -> fin 12:01:26 | XSP 686.91 | VIX 20 | PnL ult=2.91 rango=[-6.43, 6.74]
[2026-02-27 12:21:28] update inicio 12:01:37 -> fin 12:21:19 | XSP 685.56 | VIX 20.5 | PnL ult=12.97 rango=[-7.63, 12.97]
[2026-02-27 12:41:28] update inicio 12:21:30 -> fin 12:41:20 | XSP 685.5 | VIX 20.6 | PnL ult=16.56 rango=[12.80, 16.95]
[2026-02-27 13:01:28] update inicio 12:41:31 -> fin 13:01:20 | XSP 685.9 | VIX 20.5 | PnL ult=20.24 rango=[16.56, 22.20]
[2026-02-27 13:21:28] update inicio 13:01:31 -> fin 13:21:24 | XSP 685.09 | VIX 20.8 | PnL ult=24.77 rango=[20.24, 24.77]
[2026-02-27 13:41:28] update inicio 13:21:35 -> fin 13:41:25 | XSP 685.48 | VIX 20.7 | PnL ult=26.70 rango=[24.77, 27.32]
[2026-02-27 14:01:28] update inicio 13:41:36 -> fin 14:01:22 | XSP 685.63 | VIX 20.7 | PnL ult=28.86 rango=[26.70, 29.21]
[2026-02-27 14:21:29] update inicio 14:01:33 -> fin 14:21:28 | XSP 685.34 | VIX 20.8 | PnL ult=30.27 rango=[24.20, 30.27]
[2026-02-27 14:41:29] update inicio 14:21:39 -> fin 14:41:20 | XSP 685.12 | VIX 20.8 | PnL ult=33.03 rango=[30.27, 33.03]
[2026-02-27 15:01:29] update inicio 14:41:35 -> fin 15:01:23 | XSP 685.09 | VIX 20.8 | PnL ult=33.65 rango=[32.49, 33.87]
[2026-02-27 15:21:29] update inicio 15:01:34 -> fin 15:21:25 | XSP 686.87 | VIX 20.1 | PnL ult=24.80 rango=[18.83, 33.82]
[2026-02-27 15:41:29] update inicio 15:21:36 -> fin 15:41:23 | XSP 686.32 | VIX 20.3 | PnL ult=32.94 rango=[13.80, 33.78]
[2026-02-27 16:01:29] update inicio 15:41:34 -> fin 15:58:24 | XSP 687.37 | VIX 20 | PnL ult=-42.42 rango=[-43.78, 33.65]
[2026-02-27 16:21:30] event-update attempts=20 fails=0
[2026-02-27 16:22:30] event-update attempts=20 fails=0
[2026-02-27 16:23:30] event-update attempts=20 fails=0
[2026-02-27 16:24:30] event-update attempts=20 fails=0
[2026-02-27 16:25:31] event-update attempts=20 fails=0
[2026-02-27 16:26:31] event-update attempts=20 fails=0
[2026-02-27 16:27:31] event-update attempts=20 fails=0
[2026-02-27 16:28:32] event-update attempts=20 fails=0
[2026-02-27 16:29:32] event-update attempts=20 fails=0
[2026-02-27 16:30:32] event-update attempts=20 fails=0
[2026-02-27 16:31:33] event-update attempts=20 fails=0
[2026-02-27 16:32:33] event-update attempts=20 fails=0
[2026-02-27 16:33:33] event-update attempts=20 fails=0
[2026-02-27 16:34:33] event-update attempts=20 fails=0
[2026-02-27 16:35:34] event-update attempts=20 fails=0
[2026-02-27 16:36:34] event-update attempts=20 fails=0
[2026-02-27 16:37:34] event-update attempts=20 fails=0
[2026-02-27 16:38:35] event-update attempts=20 fails=0
[2026-02-27 16:39:35] event-update attempts=20 fails=0
[2026-02-27 16:40:35] event-update attempts=20 fails=0
[2026-02-27 16:41:35] event-update attempts=20 fails=0
[2026-02-27 16:42:36] event-update attempts=20 fails=0
[2026-02-27 16:43:36] event-update attempts=20 fails=0
[2026-02-27 16:44:36] event-update attempts=20 fails=0
[2026-02-27 16:45:37] event-update attempts=20 fails=0
[2026-02-27 16:46:37] event-update attempts=20 fails=0
[2026-02-27 16:47:37] event-update attempts=20 fails=0
[2026-02-27 16:48:38] event-update attempts=20 fails=0
[2026-02-27 16:49:38] event-update attempts=20 fails=0
[2026-02-27 16:50:38] event-update attempts=20 fails=0
[2026-02-27 16:51:38] event-update attempts=20 fails=0
[2026-02-27 16:52:39] event-update attempts=20 fails=0
[2026-02-27 16:53:39] event-update attempts=20 fails=0
[2026-02-27 16:54:39] event-update attempts=20 fails=0
[2026-02-27 16:55:39] event-update attempts=20 fails=0
[2026-02-27 16:56:40] event-update attempts=20 fails=0
[2026-02-27 16:57:40] event-update attempts=20 fails=0
[2026-02-27 16:58:40] event-update attempts=20 fails=0
[2026-02-27 16:59:41] event-update attempts=20 fails=0
[2026-02-27 17:00:41] event-update attempts=20 fails=0
[2026-02-27 17:01:41] event-update attempts=20 fails=0
[2026-02-27 17:02:41] event-update attempts=20 fails=0
[2026-02-27 17:03:42] event-update attempts=20 fails=0
[2026-02-27 17:04:12] event-update attempts=19 fails=0
[2026-02-27 17:04:42] event-update attempts=20 fails=0
[2026-02-27 17:05:12] event-update attempts=20 fails=0
[2026-02-27 17:06:12] event-update attempts=20 fails=0
[2026-02-27 17:07:13] event-update attempts=20 fails=0
[2026-02-27 17:08:13] event-update attempts=20 fails=0
[2026-02-27 17:09:13] event-update attempts=20 fails=0
[2026-02-27 17:10:13] event-update attempts=20 fails=0
[2026-02-27 17:11:14] event-update attempts=20 fails=0
[2026-02-27 17:12:14] event-update attempts=20 fails=0
[2026-02-27 17:13:14] event-update attempts=20 fails=0
[2026-02-27 17:14:14] event-update attempts=20 fails=0
[2026-02-27 17:15:15] event-update attempts=20 fails=0
[2026-02-27 17:16:15] event-update attempts=20 fails=0
[2026-02-27 17:17:15] event-update attempts=20 fails=0
[2026-02-27 17:18:16] event-update attempts=20 fails=0
[2026-02-27 17:19:16] event-update attempts=20 fails=0
[2026-02-27 17:20:16] event-update attempts=20 fails=0
[2026-02-27 17:21:16] event-update attempts=20 fails=0
[2026-02-27 17:22:17] event-update attempts=20 fails=0
[2026-02-27 17:23:17] event-update attempts=20 fails=0
[2026-02-27 17:24:17] event-update attempts=20 fails=0
[2026-02-27 17:25:17] event-update attempts=20 fails=0
[2026-02-27 17:26:18] event-update attempts=20 fails=0
[2026-02-27 17:27:18] event-update attempts=20 fails=0
[2026-02-27 17:28:18] event-update attempts=20 fails=0
[2026-02-27 17:29:18] event-update attempts=20 fails=0
[2026-02-27 17:30:19] event-update attempts=20 fails=0
[2026-02-27 17:31:19] event-update attempts=20 fails=0
[2026-02-27 17:32:19] event-update attempts=20 fails=0
[2026-02-27 17:33:19] event-update attempts=20 fails=0
[2026-02-27 17:34:20] event-update attempts=20 fails=0
[2026-02-27 17:35:20] event-update attempts=20 fails=0
[2026-02-27 17:36:20] event-update attempts=20 fails=0
[2026-02-27 17:37:20] event-update attempts=20 fails=0
[2026-02-27 17:38:21] event-update attempts=20 fails=0
[2026-02-27 17:39:21] event-update attempts=20 fails=0
[2026-02-27 17:40:21] event-update attempts=20 fails=0
[2026-02-27 17:41:21] event-update attempts=20 fails=0
[2026-02-27 17:42:22] event-update attempts=20 fails=0
[2026-02-27 17:43:22] event-update attempts=20 fails=0
[2026-02-27 17:44:22] event-update attempts=20 fails=0
[2026-02-27 17:45:22] event-update attempts=20 fails=0
[2026-02-27 17:46:23] event-update attempts=20 fails=0
[2026-02-27 17:47:23] event-update attempts=20 fails=0
[2026-02-27 17:48:23] event-update attempts=20 fails=0
[2026-02-27 17:49:23] event-update attempts=20 fails=0
[2026-02-27 17:50:23] event-update attempts=20 fails=0
[2026-02-27 17:51:24] event-update attempts=20 fails=0
[2026-02-27 17:52:24] event-update attempts=20 fails=0
[2026-02-27 17:53:24] event-update attempts=20 fails=0
[2026-02-27 17:54:24] event-update attempts=20 fails=0
[2026-02-27 17:55:25] event-update attempts=20 fails=0
[2026-02-27 17:56:25] event-update attempts=20 fails=0
[2026-02-27 17:57:25] event-update attempts=20 fails=0
[2026-02-27 17:58:25] event-update attempts=20 fails=0
[2026-02-27 17:59:26] event-update attempts=20 fails=0
[2026-02-27 18:00:26] event-update attempts=20 fails=0
[2026-02-27 18:01:26] event-update attempts=20 fails=0
[2026-02-27 18:02:26] event-update attempts=20 fails=0
[2026-02-27 18:03:26] event-update attempts=20 fails=0
[2026-02-27 18:04:27] event-update attempts=20 fails=0
[2026-02-27 18:05:27] event-update attempts=20 fails=0
[2026-02-27 18:06:27] event-update attempts=20 fails=0
[2026-02-27 18:07:27] event-update attempts=20 fails=0
[2026-02-27 18:08:28] event-update attempts=20 fails=0
[2026-02-27 18:09:28] event-update attempts=20 fails=0
[2026-02-27 18:10:28] event-update attempts=20 fails=0
[2026-02-27 18:11:28] event-update attempts=20 fails=0
[2026-02-27 18:12:28] event-update attempts=20 fails=0
[2026-02-27 18:13:29] event-update attempts=20 fails=0
[2026-02-27 18:14:29] event-update attempts=20 fails=0
[2026-02-27 18:15:29] event-update attempts=20 fails=0
[2026-02-27 18:16:29] event-update attempts=20 fails=0
[2026-02-27 18:17:30] event-update attempts=20 fails=0
[2026-02-27 18:18:30] event-update attempts=20 fails=0
[2026-02-27 18:19:30] event-update attempts=20 fails=0
[2026-02-27 18:20:30] event-update attempts=20 fails=0
[2026-02-27 18:21:30] event-update attempts=20 fails=0
[2026-02-27 18:22:31] event-update attempts=20 fails=0
[2026-02-27 18:23:31] event-update attempts=20 fails=0
[2026-02-27 18:24:31] event-update attempts=20 fails=0
[2026-02-27 18:25:31] event-update attempts=20 fails=0
[2026-02-27 18:26:31] event-update attempts=20 fails=0
[2026-02-27 18:27:32] event-update attempts=20 fails=0
[2026-02-27 18:28:32] event-update attempts=20 fails=0
[2026-02-27 18:29:32] event-update attempts=20 fails=0
[2026-02-27 18:30:32] event-update attempts=20 fails=0
[2026-02-27 18:31:32] event-update attempts=20 fails=0
[2026-02-27 18:32:33] event-update attempts=20 fails=0
[2026-02-27 18:33:33] event-update attempts=20 fails=0
[2026-02-27 18:34:33] event-update attempts=20 fails=0
[2026-02-27 18:35:33] event-update attempts=20 fails=0
[2026-02-27 18:36:33] event-update attempts=20 fails=0
[2026-02-27 18:37:34] event-update attempts=20 fails=0
[2026-02-27 18:38:34] event-update attempts=20 fails=0
[2026-02-27 18:39:34] event-update attempts=20 fails=0
[2026-02-27 18:40:34] event-update attempts=20 fails=0
[2026-02-27 18:41:34] event-update attempts=20 fails=0
[2026-02-27 18:42:35] event-update attempts=20 fails=0
[2026-02-27 18:43:35] event-update attempts=20 fails=0
[2026-02-27 18:44:35] event-update attempts=20 fails=0
[2026-02-27 18:45:35] event-update attempts=20 fails=0
[2026-02-27 18:46:35] event-update attempts=20 fails=0
[2026-02-27 18:47:35] event-update attempts=20 fails=0
[2026-02-27 18:48:36] event-update attempts=20 fails=0
[2026-02-27 18:49:36] event-update attempts=20 fails=0
[2026-02-27 18:50:36] event-update attempts=20 fails=0
[2026-02-27 18:51:36] event-update attempts=20 fails=0
[2026-02-27 18:52:36] event-update attempts=20 fails=0
[2026-02-27 18:53:37] event-update attempts=20 fails=0
[2026-02-27 18:54:37] event-update attempts=20 fails=0
[2026-02-27 18:55:37] event-update attempts=20 fails=0
[2026-02-27 18:56:37] event-update attempts=20 fails=0
[2026-02-27 18:57:37] event-update attempts=20 fails=0
[2026-02-27 18:58:37] event-update attempts=20 fails=0
[2026-02-27 18:59:38] event-update attempts=20 fails=0
[2026-02-27 19:00:38] event-update attempts=20 fails=0
[2026-02-27 19:01:38] event-update attempts=20 fails=0
[2026-02-27 19:02:38] event-update attempts=20 fails=0
[2026-02-27 19:03:38] event-update attempts=20 fails=0
[2026-02-27 19:04:39] event-update attempts=20 fails=0
[2026-02-27 19:05:39] event-update attempts=20 fails=0
[2026-02-27 19:06:39] event-update attempts=20 fails=0
[2026-02-27 19:07:39] event-update attempts=20 fails=0
[2026-02-27 19:08:39] event-update attempts=20 fails=0
[2026-02-27 19:09:39] event-update attempts=20 fails=0
[2026-02-27 19:10:40] event-update attempts=20 fails=0
[2026-02-27 19:11:40] event-update attempts=20 fails=0
[2026-02-27 19:12:40] event-update attempts=20 fails=0
[2026-02-27 19:13:40] event-update attempts=20 fails=0
[2026-02-27 19:14:40] event-update attempts=20 fails=0
[2026-02-27 19:15:41] event-update attempts=20 fails=0
[2026-02-27 19:16:41] event-update attempts=20 fails=0
[2026-02-27 19:17:41] event-update attempts=20 fails=0
[2026-02-27 19:18:41] event-update attempts=20 fails=0
[2026-02-27 19:19:41] event-update attempts=20 fails=0
[2026-02-27 19:20:42] event-update attempts=20 fails=0
[2026-02-27 19:21:42] event-update attempts=20 fails=0
[2026-02-27 19:22:42] event-update attempts=20 fails=0
[2026-02-27 19:23:42] event-update attempts=20 fails=0
[2026-02-27 19:24:42] event-update attempts=20 fails=0
[2026-02-27 19:25:42] event-update attempts=20 fails=0
[2026-02-27 19:26:43] event-update attempts=20 fails=0
[2026-02-27 19:27:13] event-update attempts=19 fails=0
[2026-02-27 19:27:43] event-update attempts=20 fails=0
[2026-02-27 19:28:13] event-update attempts=19 fails=0
[2026-02-27 19:28:43] event-update attempts=20 fails=0
[2026-02-27 19:29:13] event-update attempts=19 fails=0
[2026-02-27 19:29:43] event-update attempts=20 fails=0
[2026-02-27 19:30:13] event-update attempts=20 fails=0
[2026-02-27 19:31:13] event-update attempts=20 fails=0
[2026-02-27 19:32:14] event-update attempts=20 fails=0
[2026-02-27 19:33:14] event-update attempts=20 fails=0
[2026-02-27 19:34:14] event-update attempts=20 fails=0
[2026-02-27 19:35:14] event-update attempts=20 fails=0
[2026-02-27 19:36:14] event-update attempts=20 fails=0
[2026-02-27 19:37:15] event-update attempts=20 fails=0
[2026-02-27 19:38:15] event-update attempts=20 fails=0
[2026-02-27 19:39:15] event-update attempts=20 fails=0
[2026-02-27 19:40:15] event-update attempts=20 fails=0
[2026-02-27 19:41:15] event-update attempts=20 fails=0
[2026-02-27 19:42:15] event-update attempts=20 fails=0
[2026-02-27 19:43:15] event-update attempts=20 fails=0
[2026-02-27 19:44:16] event-update attempts=20 fails=0
[2026-02-27 19:45:16] event-update attempts=20 fails=0
[2026-02-27 19:46:16] event-update attempts=20 fails=0
[2026-02-27 19:47:16] event-update attempts=20 fails=0
[2026-02-27 19:48:16] event-update attempts=20 fails=0
[2026-02-27 19:49:17] event-update attempts=20 fails=0
[2026-02-27 19:50:17] event-update attempts=20 fails=0
[2026-02-27 19:51:17] event-update attempts=20 fails=0
[2026-02-27 19:52:17] event-update attempts=20 fails=0
[2026-02-27 19:53:17] event-update attempts=20 fails=0
[2026-02-27 19:54:17] event-update attempts=20 fails=0
[2026-02-27 19:55:18] event-update attempts=20 fails=0
[2026-02-27 19:56:18] event-update attempts=20 fails=0
[2026-02-27 19:57:18] event-update attempts=20 fails=0
[2026-02-27 19:58:18] event-update attempts=20 fails=0
[2026-02-27 19:59:18] event-update attempts=20 fails=0
[2026-02-27 20:00:18] event-update attempts=20 fails=0
[2026-02-27 20:01:19] event-update attempts=20 fails=0
[2026-02-27 20:02:19] event-update attempts=20 fails=0
[2026-02-27 20:03:19] event-update attempts=20 fails=0
[2026-02-27 20:04:19] event-update attempts=20 fails=0
[2026-02-27 20:05:19] event-update attempts=20 fails=0
[2026-02-27 20:06:19] event-update attempts=20 fails=0
[2026-02-27 20:07:20] event-update attempts=20 fails=0
[2026-02-27 20:08:20] event-update attempts=20 fails=0
[2026-02-27 20:09:20] event-update attempts=20 fails=0
[2026-02-27 20:10:20] event-update attempts=20 fails=0
[2026-02-27 20:11:20] event-update attempts=20 fails=0
[2026-02-27 20:12:20] event-update attempts=20 fails=0
[2026-02-27 20:13:21] event-update attempts=20 fails=0
[2026-02-27 20:14:21] event-update attempts=20 fails=0
[2026-02-27 20:15:21] event-update attempts=20 fails=0
[2026-02-27 20:16:21] event-update attempts=20 fails=0
[2026-02-27 20:17:21] event-update attempts=20 fails=0
[2026-02-27 20:18:21] event-update attempts=20 fails=0
[2026-02-27 20:19:22] event-update attempts=20 fails=0
[2026-02-27 20:20:22] event-update attempts=20 fails=0
[2026-02-27 20:21:22] event-update attempts=20 fails=0
[2026-02-27 20:22:22] event-update attempts=20 fails=0
[2026-02-27 20:23:22] event-update attempts=20 fails=0
[2026-02-27 20:24:22] event-update attempts=20 fails=0
[2026-02-27 20:25:23] event-update attempts=20 fails=0
[2026-02-27 20:26:23] event-update attempts=20 fails=0
[2026-02-27 20:27:23] event-update attempts=20 fails=0
[2026-02-27 20:28:23] event-update attempts=20 fails=0
[2026-02-27 20:29:23] event-update attempts=20 fails=0
[2026-02-27 20:30:23] event-update attempts=20 fails=0
[2026-02-27 20:31:23] event-update attempts=20 fails=0
[2026-02-27 20:32:24] event-update attempts=20 fails=0
[2026-02-27 20:33:24] event-update attempts=20 fails=0
[2026-02-27 20:34:24] event-update attempts=20 fails=0
[2026-02-27 20:35:24] event-update attempts=20 fails=0
[2026-02-27 20:36:24] event-update attempts=20 fails=0
[2026-02-27 20:37:24] event-update attempts=20 fails=0
[2026-02-27 20:38:25] event-update attempts=20 fails=0
[2026-02-27 20:39:25] event-update attempts=20 fails=0
[2026-02-27 20:40:25] event-update attempts=20 fails=0
[2026-02-27 20:41:25] event-update attempts=20 fails=0
[2026-02-27 20:42:25] event-update attempts=20 fails=0
[2026-02-27 20:43:25] event-update attempts=20 fails=0
[2026-02-27 20:44:25] event-update attempts=20 fails=0
[2026-02-27 20:45:26] event-update attempts=20 fails=0
[2026-02-27 20:46:26] event-update attempts=20 fails=0
[2026-02-27 20:47:26] event-update attempts=20 fails=0
[2026-02-27 20:48:26] event-update attempts=20 fails=0
[2026-02-27 20:49:26] event-update attempts=20 fails=0
[2026-02-27 20:50:26] event-update attempts=20 fails=0
[2026-02-27 20:51:27] event-update attempts=20 fails=0
[2026-02-27 20:52:27] event-update attempts=20 fails=0
[2026-02-27 20:53:27] event-update attempts=20 fails=0
[2026-02-27 20:54:27] event-update attempts=20 fails=0
[2026-02-27 20:55:27] event-update attempts=20 fails=0
[2026-02-27 20:56:27] event-update attempts=20 fails=0
[2026-02-27 20:57:28] event-update attempts=20 fails=0
[2026-02-27 20:58:28] event-update attempts=20 fails=0
[2026-02-27 20:59:28] event-update attempts=20 fails=0
[2026-02-27 21:00:28] event-update attempts=20 fails=0
[2026-02-27 21:01:28] event-update attempts=20 fails=0
[2026-02-27 21:02:28] event-update attempts=20 fails=0
[2026-02-27 21:03:28] event-update attempts=20 fails=0
[2026-02-27 21:04:29] event-update attempts=20 fails=0
[2026-02-27 21:05:29] event-update attempts=20 fails=0
[2026-02-27 21:06:29] event-update attempts=20 fails=0
[2026-02-27 21:07:29] event-update attempts=20 fails=0
[2026-02-27 21:08:29] event-update attempts=20 fails=0
[2026-02-27 21:09:29] event-update attempts=20 fails=0
[2026-02-27 21:10:30] event-update attempts=20 fails=0
[2026-02-27 21:11:30] event-update attempts=20 fails=0
[2026-02-27 21:12:30] event-update attempts=20 fails=0
[2026-02-27 21:13:30] event-update attempts=20 fails=0
[2026-02-27 21:14:30] event-update attempts=20 fails=0
[2026-02-27 21:15:30] event-update attempts=20 fails=0
[2026-02-27 21:16:30] event-update attempts=20 fails=0
[2026-02-27 21:17:31] event-update attempts=20 fails=0
[2026-02-27 21:18:31] event-update attempts=20 fails=0
[2026-02-27 21:19:31] event-update attempts=20 fails=0
[2026-02-27 21:20:31] event-update attempts=20 fails=0
[2026-02-27 21:21:31] event-update attempts=20 fails=0
[2026-02-27 21:22:31] event-update attempts=20 fails=0
[2026-02-27 21:23:32] event-update attempts=20 fails=0
[2026-02-27 21:24:32] event-update attempts=20 fails=0
[2026-02-27 21:25:32] event-update attempts=20 fails=0
[2026-02-27 21:26:32] event-update attempts=20 fails=0
[2026-02-27 21:27:32] event-update attempts=20 fails=0
[2026-02-27 21:28:32] event-update attempts=20 fails=0
[2026-02-27 21:29:32] event-update attempts=20 fails=0
[2026-02-27 21:30:33] event-update attempts=20 fails=0
[2026-02-27 21:31:33] event-update attempts=20 fails=0
[2026-02-27 21:32:33] event-update attempts=20 fails=0
[2026-02-27 21:33:33] event-update attempts=20 fails=0
[2026-02-27 21:34:33] event-update attempts=20 fails=0
[2026-02-27 21:35:33] event-update attempts=20 fails=0
[2026-02-27 21:36:34] event-update attempts=20 fails=0
[2026-02-27 21:37:34] event-update attempts=20 fails=0
[2026-02-27 21:38:34] event-update attempts=20 fails=0
