2026-02-19 10:23:42,567 - src.strategy.execution - INFO - HOLD_TO_EXPIRY_MODE=True (tp_pct=1.00)
2026-02-19 10:23:42,569 - src.strategy.execution - INFO - 🔧 Executor Config: TP=1.00 | SL=2.0x | Width=2.0 | ExitStrategy=hold_to_expiry_sl2x
2026-02-19 10:23:42,570 - src.strategy.execution - INFO - 💸 Expected commissions: win=$2.60 | loss=$5.20 | open=$2.60 | round_trip=$5.20
2026-02-19 10:23:42,570 - src.strategy.execution - INFO - 📌 TP mode is hold-to-expiry (tp_pct >= 1.00): skipping TP close orders; only SL/EOD can trigger active close.
2026-02-19 10:23:42,572 - src.strategy.execution - INFO - Loaded active position from 2026-02-19T10:21:48.792416
2026-02-19 10:23:42,572 - src.strategy.execution - INFO - 🛡️ Kill Switches: L1=ON (DD>15%) | L3=ON (VIX>30) | L5=ON (3 losses)
2026-02-19 10:23:42,573 - src.strategy.execution - INFO - REMINDER: Verify TWS setting 'Download open orders on connection' is enabled
2026-02-19 10:23:42,573 - src.strategy.execution - INFO - TWS → Global Configuration → API → Settings → ☑️ Download open orders
2026-02-19 10:23:44,588 - src.strategy.execution - INFO -   Position: XSP 691.0 C qty=-1.0
2026-02-19 10:23:44,589 - src.strategy.execution - INFO -   Position: XSP 693.0 C qty=1.0
2026-02-19 10:23:44,589 - src.strategy.execution - INFO -   Position: XSP 679.0 P qty=-1.0
2026-02-19 10:23:44,590 - src.strategy.execution - INFO -   Position: XSP 677.0 P qty=1.0
2026-02-19 10:23:44,590 - src.strategy.execution - INFO - 🔍 Checking for existing positions to resume...
2026-02-19 10:23:44,591 - src.strategy.execution - WARNING -    ⚠️ Found 4 existing XSP legs. Attempting recovery...
2026-02-19 10:23:44,596 - src.strategy.execution - INFO -    ✅ Position Recovered! Strikes: 679.0P/691.0C | Hold: 2m
2026-02-19 16:00:04,127 - src.strategy.execution - INFO - ✅ Market close reached in hold-to-expiry mode; no TP close order sent.
2026-02-19 16:00:04,129 - src.strategy.execution - INFO - 📊 L1 DD TRACKER: Cumulative=$16.77, HWM=$16.77, DD=$0.00/$300
2026-02-19 16:00:04,134 - src.strategy.execution - INFO - 🔍 Checking for existing positions to resume...
2026-02-19 16:00:04,134 - src.strategy.execution - WARNING -    ⚠️ Found 4 existing XSP legs. Attempting recovery...
2026-02-19 16:00:04,140 - src.strategy.execution - INFO -    ✅ Position Recovered! Strikes: 679.0P/691.0C | Hold: 338m
2026-02-19 16:01:05,119 - src.strategy.execution - INFO - ✅ Market close reached in hold-to-expiry mode; no TP close order sent.
2026-02-19 16:01:05,121 - src.strategy.execution - INFO - 📊 L1 DD TRACKER: Cumulative=$33.85, HWM=$33.85, DD=$0.00/$300
2026-02-19 16:01:05,123 - src.strategy.execution - INFO - 🔍 Checking for existing positions to resume...
2026-02-19 16:01:05,124 - src.strategy.execution - WARNING -    ⚠️ Found 4 existing XSP legs. Attempting recovery...
2026-02-19 16:01:05,127 - src.strategy.execution - INFO -    ✅ Position Recovered! Strikes: 679.0P/691.0C | Hold: 339m
2026-02-19 16:02:06,230 - src.strategy.execution - INFO - ✅ Market close reached in hold-to-expiry mode; no TP close order sent.
2026-02-19 16:02:06,232 - src.strategy.execution - INFO - 📊 L1 DD TRACKER: Cumulative=$50.93, HWM=$50.93, DD=$0.00/$300
2026-02-19 16:02:06,235 - src.strategy.execution - INFO - 🔍 Checking for existing positions to resume...
2026-02-19 16:02:06,235 - src.strategy.execution - WARNING -    ⚠️ Found 4 existing XSP legs. Attempting recovery...
2026-02-19 16:02:06,238 - src.strategy.execution - INFO -    ✅ Position Recovered! Strikes: 679.0P/691.0C | Hold: 340m
2026-02-19 16:03:07,205 - src.strategy.execution - INFO - ✅ Market close reached in hold-to-expiry mode; no TP close order sent.
2026-02-19 16:03:07,207 - src.strategy.execution - INFO - 📊 L1 DD TRACKER: Cumulative=$68.01, HWM=$68.01, DD=$0.00/$300
2026-02-19 16:03:07,209 - src.strategy.execution - INFO - 🔍 Checking for existing positions to resume...
2026-02-19 16:03:07,210 - src.strategy.execution - WARNING -    ⚠️ Found 4 existing XSP legs. Attempting recovery...
2026-02-19 16:03:07,215 - src.strategy.execution - INFO -    ✅ Position Recovered! Strikes: 679.0P/691.0C | Hold: 341m
2026-02-19 16:04:08,181 - src.strategy.execution - INFO - ✅ Market close reached in hold-to-expiry mode; no TP close order sent.
2026-02-19 16:04:08,183 - src.strategy.execution - INFO - 📊 L1 DD TRACKER: Cumulative=$85.09, HWM=$85.09, DD=$0.00/$300
2026-02-19 16:04:08,185 - src.strategy.execution - INFO - 🔍 Checking for existing positions to resume...
2026-02-19 16:04:08,185 - src.strategy.execution - WARNING -    ⚠️ Found 4 existing XSP legs. Attempting recovery...
2026-02-19 16:04:08,192 - src.strategy.execution - INFO -    ✅ Position Recovered! Strikes: 679.0P/691.0C | Hold: 342m
2026-02-19 16:05:09,234 - src.strategy.execution - INFO - ✅ Market close reached in hold-to-expiry mode; no TP close order sent.
2026-02-19 16:05:09,236 - src.strategy.execution - INFO - 📊 L1 DD TRACKER: Cumulative=$102.17, HWM=$102.17, DD=$0.00/$300
2026-02-19 16:05:09,238 - src.strategy.execution - INFO - 🔍 Checking for existing positions to resume...
2026-02-19 16:05:09,239 - src.strategy.execution - WARNING -    ⚠️ Found 4 existing XSP legs. Attempting recovery...
2026-02-19 16:05:09,244 - src.strategy.execution - INFO -    ✅ Position Recovered! Strikes: 679.0P/691.0C | Hold: 343m
2026-02-19 16:06:10,181 - src.strategy.execution - INFO - ✅ Market close reached in hold-to-expiry mode; no TP close order sent.
2026-02-19 16:06:10,183 - src.strategy.execution - INFO - 📊 L1 DD TRACKER: Cumulative=$119.25, HWM=$119.25, DD=$0.00/$300
2026-02-19 16:06:10,186 - src.strategy.execution - INFO - 🔍 Checking for existing positions to resume...
2026-02-19 16:06:10,186 - src.strategy.execution - WARNING -    ⚠️ Found 4 existing XSP legs. Attempting recovery...
2026-02-19 16:06:10,191 - src.strategy.execution - INFO -    ✅ Position Recovered! Strikes: 679.0P/691.0C | Hold: 344m
2026-02-19 16:07:11,131 - src.strategy.execution - INFO - ✅ Market close reached in hold-to-expiry mode; no TP close order sent.
2026-02-19 16:07:11,133 - src.strategy.execution - INFO - 📊 L1 DD TRACKER: Cumulative=$136.33, HWM=$136.33, DD=$0.00/$300
2026-02-19 16:07:11,136 - src.strategy.execution - INFO - 🔍 Checking for existing positions to resume...
2026-02-19 16:07:11,136 - src.strategy.execution - WARNING -    ⚠️ Found 4 existing XSP legs. Attempting recovery...
2026-02-19 16:07:11,141 - src.strategy.execution - INFO -    ✅ Position Recovered! Strikes: 679.0P/691.0C | Hold: 345m
2026-02-19 16:08:12,107 - src.strategy.execution - INFO - ✅ Market close reached in hold-to-expiry mode; no TP close order sent.
2026-02-19 16:08:12,109 - src.strategy.execution - INFO - 📊 L1 DD TRACKER: Cumulative=$153.41, HWM=$153.41, DD=$0.00/$300
2026-02-19 16:08:12,111 - src.strategy.execution - INFO - 🔍 Checking for existing positions to resume...
2026-02-19 16:08:12,112 - src.strategy.execution - WARNING -    ⚠️ Found 4 existing XSP legs. Attempting recovery...
2026-02-19 16:08:12,116 - src.strategy.execution - INFO -    ✅ Position Recovered! Strikes: 679.0P/691.0C | Hold: 346m
2026-02-19 16:09:13,330 - src.strategy.execution - INFO - ✅ Market close reached in hold-to-expiry mode; no TP close order sent.
2026-02-19 16:09:13,332 - src.strategy.execution - INFO - 📊 L1 DD TRACKER: Cumulative=$170.49, HWM=$170.49, DD=$0.00/$300
2026-02-19 16:09:13,335 - src.strategy.execution - INFO - 🔍 Checking for existing positions to resume...
2026-02-19 16:09:13,335 - src.strategy.execution - WARNING -    ⚠️ Found 4 existing XSP legs. Attempting recovery...
2026-02-19 16:09:13,339 - src.strategy.execution - INFO -    ✅ Position Recovered! Strikes: 679.0P/691.0C | Hold: 347m
2026-02-19 16:10:14,879 - src.strategy.execution - INFO - ✅ Market close reached in hold-to-expiry mode; no TP close order sent.
2026-02-19 16:10:14,881 - src.strategy.execution - INFO - 📊 L1 DD TRACKER: Cumulative=$187.57, HWM=$187.57, DD=$0.00/$300
2026-02-19 16:10:14,884 - src.strategy.execution - INFO - 🔍 Checking for existing positions to resume...
2026-02-19 16:10:14,884 - src.strategy.execution - WARNING -    ⚠️ Found 4 existing XSP legs. Attempting recovery...
2026-02-19 16:10:14,888 - src.strategy.execution - INFO -    ✅ Position Recovered! Strikes: 679.0P/691.0C | Hold: 348m
2026-02-19 16:11:16,245 - src.strategy.execution - INFO - ✅ Market close reached in hold-to-expiry mode; no TP close order sent.
2026-02-19 16:11:16,247 - src.strategy.execution - INFO - 📊 L1 DD TRACKER: Cumulative=$204.65, HWM=$204.65, DD=$0.00/$300
2026-02-19 16:11:16,251 - src.strategy.execution - INFO - 🔍 Checking for existing positions to resume...
2026-02-19 16:11:16,252 - src.strategy.execution - WARNING -    ⚠️ Found 4 existing XSP legs. Attempting recovery...
2026-02-19 16:11:16,258 - src.strategy.execution - INFO -    ✅ Position Recovered! Strikes: 679.0P/691.0C | Hold: 350m
2026-02-19 16:12:17,551 - src.strategy.execution - INFO - ✅ Market close reached in hold-to-expiry mode; no TP close order sent.
2026-02-19 16:12:17,554 - src.strategy.execution - INFO - 📊 L1 DD TRACKER: Cumulative=$221.73, HWM=$221.73, DD=$0.00/$300
2026-02-19 16:12:17,557 - src.strategy.execution - INFO - 🔍 Checking for existing positions to resume...
2026-02-19 16:12:17,557 - src.strategy.execution - WARNING -    ⚠️ Found 4 existing XSP legs. Attempting recovery...
2026-02-19 16:12:17,564 - src.strategy.execution - INFO -    ✅ Position Recovered! Strikes: 679.0P/691.0C | Hold: 351m
2026-02-19 16:13:19,046 - src.strategy.execution - INFO - ✅ Market close reached in hold-to-expiry mode; no TP close order sent.
2026-02-19 16:13:19,047 - src.strategy.execution - INFO - 📊 L1 DD TRACKER: Cumulative=$238.81, HWM=$238.81, DD=$0.00/$300
2026-02-19 16:13:19,050 - src.strategy.execution - INFO - 🔍 Checking for existing positions to resume...
2026-02-19 16:13:19,050 - src.strategy.execution - WARNING -    ⚠️ Found 4 existing XSP legs. Attempting recovery...
2026-02-19 16:13:19,056 - src.strategy.execution - INFO -    ✅ Position Recovered! Strikes: 679.0P/691.0C | Hold: 352m
2026-02-19 16:14:20,342 - src.strategy.execution - INFO - ✅ Market close reached in hold-to-expiry mode; no TP close order sent.
2026-02-19 16:14:20,344 - src.strategy.execution - INFO - 📊 L1 DD TRACKER: Cumulative=$255.89, HWM=$255.89, DD=$0.00/$300
2026-02-19 16:14:20,346 - src.strategy.execution - INFO - 🔍 Checking for existing positions to resume...
2026-02-19 16:14:20,346 - src.strategy.execution - WARNING -    ⚠️ Found 4 existing XSP legs. Attempting recovery...
2026-02-19 16:14:20,351 - src.strategy.execution - INFO -    ✅ Position Recovered! Strikes: 679.0P/691.0C | Hold: 353m
2026-02-19 16:15:21,986 - src.strategy.execution - INFO - ✅ Market close reached in hold-to-expiry mode; no TP close order sent.
2026-02-19 16:15:21,987 - src.strategy.execution - INFO - 📊 L1 DD TRACKER: Cumulative=$272.97, HWM=$272.97, DD=$0.00/$300
2026-02-19 16:15:21,990 - src.strategy.execution - INFO - 🔍 Checking for existing positions to resume...
2026-02-19 16:15:21,990 - src.strategy.execution - WARNING -    ⚠️ Found 4 existing XSP legs. Attempting recovery...
2026-02-19 16:15:21,994 - src.strategy.execution - INFO -    ✅ Position Recovered! Strikes: 679.0P/691.0C | Hold: 354m
2026-02-19 16:16:23,143 - src.strategy.execution - INFO - ✅ Market close reached in hold-to-expiry mode; no TP close order sent.
2026-02-19 16:16:23,145 - src.strategy.execution - INFO - 📊 L1 DD TRACKER: Cumulative=$290.05, HWM=$290.05, DD=$0.00/$300
2026-02-19 16:16:23,147 - src.strategy.execution - INFO - 🔍 Checking for existing positions to resume...
2026-02-19 16:16:23,147 - src.strategy.execution - WARNING -    ⚠️ Found 4 existing XSP legs. Attempting recovery...
2026-02-19 16:16:23,151 - src.strategy.execution - INFO -    ✅ Position Recovered! Strikes: 679.0P/691.0C | Hold: 355m
2026-02-19 16:17:24,579 - src.strategy.execution - INFO - ✅ Market close reached in hold-to-expiry mode; no TP close order sent.
2026-02-19 16:17:24,581 - src.strategy.execution - INFO - 📊 L1 DD TRACKER: Cumulative=$307.13, HWM=$307.13, DD=$0.00/$300
2026-02-19 16:17:24,584 - src.strategy.execution - INFO - 🔍 Checking for existing positions to resume...
2026-02-19 16:17:24,584 - src.strategy.execution - WARNING -    ⚠️ Found 4 existing XSP legs. Attempting recovery...
2026-02-19 16:17:24,588 - src.strategy.execution - INFO -    ✅ Position Recovered! Strikes: 679.0P/691.0C | Hold: 356m
2026-02-19 16:18:26,043 - src.strategy.execution - INFO - ✅ Market close reached in hold-to-expiry mode; no TP close order sent.
2026-02-19 16:18:26,045 - src.strategy.execution - INFO - 📊 L1 DD TRACKER: Cumulative=$324.21, HWM=$324.21, DD=$0.00/$300
2026-02-19 16:18:26,048 - src.strategy.execution - INFO - 🔍 Checking for existing positions to resume...
2026-02-19 16:18:26,048 - src.strategy.execution - WARNING -    ⚠️ Found 4 existing XSP legs. Attempting recovery...
2026-02-19 16:18:26,052 - src.strategy.execution - INFO -    ✅ Position Recovered! Strikes: 679.0P/691.0C | Hold: 357m
2026-02-19 16:19:27,368 - src.strategy.execution - INFO - ✅ Market close reached in hold-to-expiry mode; no TP close order sent.
2026-02-19 16:19:27,370 - src.strategy.execution - INFO - 📊 L1 DD TRACKER: Cumulative=$341.29, HWM=$341.29, DD=$0.00/$300
2026-02-19 16:19:27,372 - src.strategy.execution - INFO - 🔍 Checking for existing positions to resume...
2026-02-19 16:19:27,373 - src.strategy.execution - WARNING -    ⚠️ Found 4 existing XSP legs. Attempting recovery...
2026-02-19 16:19:27,377 - src.strategy.execution - INFO -    ✅ Position Recovered! Strikes: 679.0P/691.0C | Hold: 358m
2026-02-19 16:20:28,785 - src.strategy.execution - INFO - ✅ Market close reached in hold-to-expiry mode; no TP close order sent.
2026-02-19 16:20:28,787 - src.strategy.execution - INFO - 📊 L1 DD TRACKER: Cumulative=$358.37, HWM=$358.37, DD=$0.00/$300
2026-02-19 16:20:28,790 - src.strategy.execution - INFO - 🔍 Checking for existing positions to resume...
2026-02-19 16:20:28,790 - src.strategy.execution - WARNING -    ⚠️ Found 4 existing XSP legs. Attempting recovery...
2026-02-19 16:20:28,794 - src.strategy.execution - INFO -    ✅ Position Recovered! Strikes: 679.0P/691.0C | Hold: 359m
2026-02-19 16:21:30,242 - src.strategy.execution - INFO - ✅ Market close reached in hold-to-expiry mode; no TP close order sent.
2026-02-19 16:21:30,244 - src.strategy.execution - INFO - 📊 L1 DD TRACKER: Cumulative=$375.45, HWM=$375.45, DD=$0.00/$300
2026-02-19 16:21:30,246 - src.strategy.execution - INFO - 🔍 Checking for existing positions to resume...
2026-02-19 16:21:30,247 - src.strategy.execution - WARNING -    ⚠️ Found 4 existing XSP legs. Attempting recovery...
2026-02-19 16:21:30,251 - src.strategy.execution - INFO -    ✅ Position Recovered! Strikes: 679.0P/691.0C | Hold: 360m
2026-02-19 16:22:31,705 - src.strategy.execution - INFO - ✅ Market close reached in hold-to-expiry mode; no TP close order sent.
2026-02-19 16:22:31,707 - src.strategy.execution - INFO - 📊 L1 DD TRACKER: Cumulative=$392.53, HWM=$392.53, DD=$0.00/$300
2026-02-19 16:22:31,710 - src.strategy.execution - INFO - 🔍 Checking for existing positions to resume...
2026-02-19 16:22:31,710 - src.strategy.execution - WARNING -    ⚠️ Found 4 existing XSP legs. Attempting recovery...
2026-02-19 16:22:31,716 - src.strategy.execution - INFO -    ✅ Position Recovered! Strikes: 679.0P/691.0C | Hold: 361m
2026-02-19 16:23:33,130 - src.strategy.execution - INFO - ✅ Market close reached in hold-to-expiry mode; no TP close order sent.
2026-02-19 16:23:33,132 - src.strategy.execution - INFO - 📊 L1 DD TRACKER: Cumulative=$409.61, HWM=$409.61, DD=$0.00/$300
2026-02-19 16:23:33,135 - src.strategy.execution - INFO - 🔍 Checking for existing positions to resume...
2026-02-19 16:23:33,135 - src.strategy.execution - WARNING -    ⚠️ Found 4 existing XSP legs. Attempting recovery...
2026-02-19 16:23:33,139 - src.strategy.execution - INFO -    ✅ Position Recovered! Strikes: 679.0P/691.0C | Hold: 362m
2026-02-19 16:24:34,554 - src.strategy.execution - INFO - ✅ Market close reached in hold-to-expiry mode; no TP close order sent.
2026-02-19 16:24:34,556 - src.strategy.execution - INFO - 📊 L1 DD TRACKER: Cumulative=$426.69, HWM=$426.69, DD=$0.00/$300
2026-02-19 16:24:34,558 - src.strategy.execution - INFO - 🔍 Checking for existing positions to resume...
2026-02-19 16:24:34,559 - src.strategy.execution - WARNING -    ⚠️ Found 4 existing XSP legs. Attempting recovery...
2026-02-19 16:24:34,564 - src.strategy.execution - INFO -    ✅ Position Recovered! Strikes: 679.0P/691.0C | Hold: 363m
2026-02-19 16:25:36,003 - src.strategy.execution - INFO - ✅ Market close reached in hold-to-expiry mode; no TP close order sent.
2026-02-19 16:25:36,004 - src.strategy.execution - INFO - 📊 L1 DD TRACKER: Cumulative=$443.77, HWM=$443.77, DD=$0.00/$300
2026-02-19 16:25:36,007 - src.strategy.execution - INFO - 🔍 Checking for existing positions to resume...
2026-02-19 16:25:36,007 - src.strategy.execution - WARNING -    ⚠️ Found 4 existing XSP legs. Attempting recovery...
2026-02-19 16:25:36,012 - src.strategy.execution - INFO -    ✅ Position Recovered! Strikes: 679.0P/691.0C | Hold: 364m
2026-02-19 16:26:37,408 - src.strategy.execution - INFO - ✅ Market close reached in hold-to-expiry mode; no TP close order sent.
2026-02-19 16:26:37,410 - src.strategy.execution - INFO - 📊 L1 DD TRACKER: Cumulative=$460.85, HWM=$460.85, DD=$0.00/$300
2026-02-19 16:26:37,413 - src.strategy.execution - INFO - 🔍 Checking for existing positions to resume...
2026-02-19 16:26:37,413 - src.strategy.execution - WARNING -    ⚠️ Found 4 existing XSP legs. Attempting recovery...
2026-02-19 16:26:37,418 - src.strategy.execution - INFO -    ✅ Position Recovered! Strikes: 679.0P/691.0C | Hold: 365m
2026-02-19 16:27:38,827 - src.strategy.execution - INFO - ✅ Market close reached in hold-to-expiry mode; no TP close order sent.
2026-02-19 16:27:38,829 - src.strategy.execution - INFO - 📊 L1 DD TRACKER: Cumulative=$477.93, HWM=$477.93, DD=$0.00/$300
2026-02-19 16:27:38,832 - src.strategy.execution - INFO - 🔍 Checking for existing positions to resume...
2026-02-19 16:27:38,832 - src.strategy.execution - WARNING -    ⚠️ Found 4 existing XSP legs. Attempting recovery...
2026-02-19 16:27:38,836 - src.strategy.execution - INFO -    ✅ Position Recovered! Strikes: 679.0P/691.0C | Hold: 366m
2026-02-19 16:28:40,231 - src.strategy.execution - INFO - ✅ Market close reached in hold-to-expiry mode; no TP close order sent.
2026-02-19 16:28:40,233 - src.strategy.execution - INFO - 📊 L1 DD TRACKER: Cumulative=$495.01, HWM=$495.01, DD=$0.00/$300
2026-02-19 16:28:40,237 - src.strategy.execution - INFO - 🔍 Checking for existing positions to resume...
2026-02-19 16:28:40,237 - src.strategy.execution - WARNING -    ⚠️ Found 4 existing XSP legs. Attempting recovery...
2026-02-19 16:28:40,241 - src.strategy.execution - INFO -    ✅ Position Recovered! Strikes: 679.0P/691.0C | Hold: 367m
2026-02-19 16:29:41,602 - src.strategy.execution - INFO - ✅ Market close reached in hold-to-expiry mode; no TP close order sent.
2026-02-19 16:29:41,604 - src.strategy.execution - INFO - 📊 L1 DD TRACKER: Cumulative=$512.09, HWM=$512.09, DD=$0.00/$300
2026-02-19 16:29:41,606 - src.strategy.execution - INFO - 🔍 Checking for existing positions to resume...
2026-02-19 16:29:41,607 - src.strategy.execution - WARNING -    ⚠️ Found 4 existing XSP legs. Attempting recovery...
2026-02-19 16:29:41,611 - src.strategy.execution - INFO -    ✅ Position Recovered! Strikes: 679.0P/691.0C | Hold: 368m
2026-02-19 16:30:43,107 - src.strategy.execution - INFO - ✅ Market close reached in hold-to-expiry mode; no TP close order sent.
2026-02-19 16:30:43,109 - src.strategy.execution - INFO - 📊 L1 DD TRACKER: Cumulative=$529.17, HWM=$529.17, DD=$0.00/$300
2026-02-19 16:30:43,111 - src.strategy.execution - INFO - 🔍 Checking for existing positions to resume...
2026-02-19 16:30:43,112 - src.strategy.execution - WARNING -    ⚠️ Found 4 existing XSP legs. Attempting recovery...
2026-02-19 16:30:43,116 - src.strategy.execution - INFO -    ✅ Position Recovered! Strikes: 679.0P/691.0C | Hold: 369m
2026-02-19 16:31:44,575 - src.strategy.execution - INFO - ✅ Market close reached in hold-to-expiry mode; no TP close order sent.
2026-02-19 16:31:44,576 - src.strategy.execution - INFO - 📊 L1 DD TRACKER: Cumulative=$546.25, HWM=$546.25, DD=$0.00/$300
2026-02-19 16:31:44,579 - src.strategy.execution - INFO - 🔍 Checking for existing positions to resume...
2026-02-19 16:31:44,579 - src.strategy.execution - WARNING -    ⚠️ Found 4 existing XSP legs. Attempting recovery...
2026-02-19 16:31:44,583 - src.strategy.execution - INFO -    ✅ Position Recovered! Strikes: 679.0P/691.0C | Hold: 370m
2026-02-19 16:32:46,048 - src.strategy.execution - INFO - ✅ Market close reached in hold-to-expiry mode; no TP close order sent.
2026-02-19 16:32:46,049 - src.strategy.execution - INFO - 📊 L1 DD TRACKER: Cumulative=$563.33, HWM=$563.33, DD=$0.00/$300
2026-02-19 16:32:46,051 - src.strategy.execution - INFO - 🔍 Checking for existing positions to resume...
2026-02-19 16:32:46,052 - src.strategy.execution - WARNING -    ⚠️ Found 4 existing XSP legs. Attempting recovery...
2026-02-19 16:32:46,055 - src.strategy.execution - INFO -    ✅ Position Recovered! Strikes: 679.0P/691.0C | Hold: 371m
2026-02-19 16:33:47,421 - src.strategy.execution - INFO - ✅ Market close reached in hold-to-expiry mode; no TP close order sent.
2026-02-19 16:33:47,422 - src.strategy.execution - INFO - 📊 L1 DD TRACKER: Cumulative=$580.41, HWM=$580.41, DD=$0.00/$300
2026-02-19 16:33:47,424 - src.strategy.execution - INFO - 🔍 Checking for existing positions to resume...
2026-02-19 16:33:47,425 - src.strategy.execution - WARNING -    ⚠️ Found 4 existing XSP legs. Attempting recovery...
2026-02-19 16:33:47,429 - src.strategy.execution - INFO -    ✅ Position Recovered! Strikes: 679.0P/691.0C | Hold: 372m
2026-02-19 16:34:48,997 - src.strategy.execution - INFO - ✅ Market close reached in hold-to-expiry mode; no TP close order sent.
2026-02-19 16:34:49,156 - src.strategy.execution - INFO - 📊 L1 DD TRACKER: Cumulative=$597.49, HWM=$597.49, DD=$0.00/$300
2026-02-19 16:34:49,159 - src.strategy.execution - INFO - 🔍 Checking for existing positions to resume...
2026-02-19 16:34:49,159 - src.strategy.execution - WARNING -    ⚠️ Found 4 existing XSP legs. Attempting recovery...
2026-02-19 16:34:49,164 - src.strategy.execution - INFO -    ✅ Position Recovered! Strikes: 679.0P/691.0C | Hold: 373m
2026-02-19 16:35:50,533 - src.strategy.execution - INFO - ✅ Market close reached in hold-to-expiry mode; no TP close order sent.
2026-02-19 16:35:50,535 - src.strategy.execution - INFO - 📊 L1 DD TRACKER: Cumulative=$614.57, HWM=$614.57, DD=$0.00/$300
2026-02-19 16:35:50,538 - src.strategy.execution - INFO - 🔍 Checking for existing positions to resume...
2026-02-19 16:35:50,538 - src.strategy.execution - WARNING -    ⚠️ Found 4 existing XSP legs. Attempting recovery...
2026-02-19 16:35:50,542 - src.strategy.execution - INFO -    ✅ Position Recovered! Strikes: 679.0P/691.0C | Hold: 374m
2026-02-19 16:36:51,961 - src.strategy.execution - INFO - ✅ Market close reached in hold-to-expiry mode; no TP close order sent.
2026-02-19 16:36:51,962 - src.strategy.execution - INFO - 📊 L1 DD TRACKER: Cumulative=$631.65, HWM=$631.65, DD=$0.00/$300
2026-02-19 16:36:51,965 - src.strategy.execution - INFO - 🔍 Checking for existing positions to resume...
2026-02-19 16:36:51,966 - src.strategy.execution - WARNING -    ⚠️ Found 4 existing XSP legs. Attempting recovery...
2026-02-19 16:36:51,971 - src.strategy.execution - INFO -    ✅ Position Recovered! Strikes: 679.0P/691.0C | Hold: 375m
2026-02-19 16:37:53,323 - src.strategy.execution - INFO - ✅ Market close reached in hold-to-expiry mode; no TP close order sent.
2026-02-19 16:37:53,325 - src.strategy.execution - INFO - 📊 L1 DD TRACKER: Cumulative=$648.73, HWM=$648.73, DD=$0.00/$300
2026-02-19 16:37:53,328 - src.strategy.execution - INFO - 🔍 Checking for existing positions to resume...
2026-02-19 16:37:53,328 - src.strategy.execution - WARNING -    ⚠️ Found 4 existing XSP legs. Attempting recovery...
2026-02-19 16:37:53,332 - src.strategy.execution - INFO -    ✅ Position Recovered! Strikes: 679.0P/691.0C | Hold: 376m
2026-02-19 16:38:54,725 - src.strategy.execution - INFO - ✅ Market close reached in hold-to-expiry mode; no TP close order sent.
2026-02-19 16:38:54,726 - src.strategy.execution - INFO - 📊 L1 DD TRACKER: Cumulative=$665.81, HWM=$665.81, DD=$0.00/$300
2026-02-19 16:38:54,729 - src.strategy.execution - INFO - 🔍 Checking for existing positions to resume...
2026-02-19 16:38:54,729 - src.strategy.execution - WARNING -    ⚠️ Found 4 existing XSP legs. Attempting recovery...
2026-02-19 16:38:54,733 - src.strategy.execution - INFO -    ✅ Position Recovered! Strikes: 679.0P/691.0C | Hold: 377m
2026-02-19 16:39:57,028 - src.strategy.execution - INFO - ✅ Market close reached in hold-to-expiry mode; no TP close order sent.
2026-02-19 16:39:57,030 - src.strategy.execution - INFO - 📊 L1 DD TRACKER: Cumulative=$682.89, HWM=$682.89, DD=$0.00/$300
2026-02-19 16:39:57,032 - src.strategy.execution - INFO - 🔍 Checking for existing positions to resume...
2026-02-19 16:39:57,033 - src.strategy.execution - WARNING -    ⚠️ Found 4 existing XSP legs. Attempting recovery...
2026-02-19 16:39:57,037 - src.strategy.execution - INFO -    ✅ Position Recovered! Strikes: 679.0P/691.0C | Hold: 378m
2026-02-19 16:40:58,578 - src.strategy.execution - INFO - ✅ Market close reached in hold-to-expiry mode; no TP close order sent.
2026-02-19 16:40:58,580 - src.strategy.execution - INFO - 📊 L1 DD TRACKER: Cumulative=$699.97, HWM=$699.97, DD=$0.00/$300
2026-02-19 16:40:58,582 - src.strategy.execution - INFO - 🔍 Checking for existing positions to resume...
2026-02-19 16:40:58,583 - src.strategy.execution - WARNING -    ⚠️ Found 4 existing XSP legs. Attempting recovery...
2026-02-19 16:40:58,588 - src.strategy.execution - INFO -    ✅ Position Recovered! Strikes: 679.0P/691.0C | Hold: 379m
