2026-02-19 09:32:17,119 - src.strategy.execution - INFO - HOLD_TO_EXPIRY_MODE=True (tp_pct=1.00)
2026-02-19 09:32:17,120 - src.strategy.execution - INFO - 🔧 Executor Config: TP=1.00 | SL=2.0x | Width=2.0 | ExitStrategy=hold_to_expiry_sl2x
2026-02-19 09:32:17,121 - src.strategy.execution - INFO - 💸 Expected commissions: win=$2.60 | loss=$5.20 | open=$2.60 | round_trip=$5.20
2026-02-19 09:32:17,122 - src.strategy.execution - INFO - 📌 TP mode is hold-to-expiry (tp_pct >= 1.00): skipping TP close orders; only SL/EOD can trigger active close.
2026-02-19 09:32:17,123 - src.strategy.execution - INFO - 🛡️ Kill Switches: L1=ON (DD>15%) | L3=ON (VIX>30) | L5=ON (3 losses)
2026-02-19 09:32:17,123 - src.strategy.execution - INFO - REMINDER: Verify TWS setting 'Download open orders on connection' is enabled
2026-02-19 09:32:17,124 - src.strategy.execution - INFO - TWS → Global Configuration → API → Settings → ☑️ Download open orders
2026-02-19 09:32:19,128 - src.strategy.execution - INFO - 🔍 Checking for existing positions to resume...
2026-02-19 09:32:19,161 - src.strategy.execution - INFO -    ✅ No existing positions found. Ready for new entries.
2026-02-19 10:04:09,538 - src.strategy.execution - INFO - ⏳ Getting leg prices (Bid/Ask) for snapshot...
2026-02-19 10:04:13,600 - src.strategy.execution - INFO - 📊 Calculated Mid Credit: $0.26 per contract (min: $0.20)
Error 10349, reqId 548: Order TIF was set to DAY based on order preset., contract: Contract(secType='BAG', symbol='XSP', exchange='SMART', currency='USD', comboLegs=[ComboLeg(conId=848948272, ratio=1, action='BUY', exchange='SMART', openClose=0, shortSaleSlot=0, designatedLocation='', exemptCode=-1), ComboLeg(conId=848948313, ratio=1, action='SELL', exchange='SMART', openClose=0, shortSaleSlot=0, designatedLocation='', exemptCode=-1), ComboLeg(conId=848947811, ratio=1, action='SELL', exchange='SMART', openClose=0, shortSaleSlot=0, designatedLocation='', exemptCode=-1), ComboLeg(conId=848947868, ratio=1, action='BUY', exchange='SMART', openClose=0, shortSaleSlot=0, designatedLocation='', exemptCode=-1)])
2026-02-19 10:04:16,684 - src.strategy.execution - WARNING - ⚠️ Margin Check empty (Paper mode) — BYPASSING. Would block in LIVE.
2026-02-19 10:04:16,685 - src.strategy.execution - INFO -    📡 Placing order at $-0.26 (Chase 0)
2026-02-19 10:04:31,816 - src.strategy.execution - INFO -    🔄 Chase #1: Cancelling previous order...
2026-02-19 10:04:32,852 - src.strategy.execution - INFO -    📡 Placing order at $-0.21 (Chase 1)
2026-02-19 10:04:47,947 - src.strategy.execution - INFO -    🔄 Chase #2: Cancelling previous order...
2026-02-19 10:04:48,995 - src.strategy.execution - WARNING -    🛑 Chase stopped: credit $0.16 < floor $0.2. Aborting.
Error 10148, reqId 550: OrderId 550 that needs to be cancelled cannot be cancelled, state: PendingCancel.
Canceled order: Trade(contract=Contract(secType='BAG', symbol='XSP', exchange='SMART', currency='USD', comboLegs=[ComboLeg(conId=848948272, ratio=1, action='BUY', exchange='SMART', openClose=0, shortSaleSlot=0, designatedLocation='', exemptCode=-1), ComboLeg(conId=848948313, ratio=1, action='SELL', exchange='SMART', openClose=0, shortSaleSlot=0, designatedLocation='', exemptCode=-1), ComboLeg(conId=848947811, ratio=1, action='SELL', exchange='SMART', openClose=0, shortSaleSlot=0, designatedLocation='', exemptCode=-1), ComboLeg(conId=848947868, ratio=1, action='BUY', exchange='SMART', openClose=0, shortSaleSlot=0, designatedLocation='', exemptCode=-1)]), order=LimitOrder(orderId=550, clientId=1105, action='BUY', totalQuantity=1, lmtPrice=-0.21, tif='DAY'), orderStatus=OrderStatus(orderId=550, status='Cancelled', filled=0.0, remaining=0.0, avgFillPrice=0.0, permId=0, parentId=0, lastFillPrice=0.0, clientId=0, whyHeld='', mktCapPrice=0.0), fills=[], log=[TradeLogEntry(time=datetime.datetime(2026, 2, 19, 15, 4, 32, 854032, tzinfo=datetime.timezone.utc), status='PendingSubmit', message='', errorCode=0), TradeLogEntry(time=datetime.datetime(2026, 2, 19, 15, 4, 47, 980497, tzinfo=datetime.timezone.utc), status='PendingCancel', message='', errorCode=0), TradeLogEntry(time=datetime.datetime(2026, 2, 19, 15, 4, 49, 28467, tzinfo=datetime.timezone.utc), status='PendingCancel', message='', errorCode=0), TradeLogEntry(time=datetime.datetime(2026, 2, 19, 15, 4, 49, 29977, tzinfo=datetime.timezone.utc), status='Cancelled', message='Error 10148, reqId 550: OrderId 550 that needs to be cancelled cannot be cancelled, state: PendingCancel.', errorCode=10148)], advancedError='')
2026-02-19 10:10:49,794 - src.strategy.execution - INFO - ⏳ Getting leg prices (Bid/Ask) for snapshot...
2026-02-19 10:10:53,874 - src.strategy.execution - INFO - 📊 Calculated Mid Credit: $0.34 per contract (min: $0.20)
Error 10349, reqId 1229: Order TIF was set to DAY based on order preset., contract: Contract(secType='BAG', symbol='XSP', exchange='SMART', currency='USD', comboLegs=[ComboLeg(conId=848948272, ratio=1, action='BUY', exchange='SMART', openClose=0, shortSaleSlot=0, designatedLocation='', exemptCode=-1), ComboLeg(conId=848948313, ratio=1, action='SELL', exchange='SMART', openClose=0, shortSaleSlot=0, designatedLocation='', exemptCode=-1), ComboLeg(conId=848947790, ratio=1, action='SELL', exchange='SMART', openClose=0, shortSaleSlot=0, designatedLocation='', exemptCode=-1), ComboLeg(conId=848947837, ratio=1, action='BUY', exchange='SMART', openClose=0, shortSaleSlot=0, designatedLocation='', exemptCode=-1)])
2026-02-19 10:10:56,757 - src.strategy.execution - WARNING - ⚠️ Margin Check empty (Paper mode) — BYPASSING. Would block in LIVE.
2026-02-19 10:10:56,758 - src.strategy.execution - INFO -    📡 Placing order at $-0.34 (Chase 0)
2026-02-19 10:11:11,889 - src.strategy.execution - INFO -    🔄 Chase #1: Cancelling previous order...
2026-02-19 10:11:12,935 - src.strategy.execution - INFO -    📡 Placing order at $-0.29 (Chase 1)
2026-02-19 10:11:28,110 - src.strategy.execution - INFO -    🔄 Chase #2: Cancelling previous order...
2026-02-19 10:11:29,153 - src.strategy.execution - INFO -    📡 Placing order at $-0.24 (Chase 2)
2026-02-19 10:11:44,318 - src.strategy.execution - INFO -    🔄 Chase #3: Cancelling previous order...
2026-02-19 10:11:45,358 - src.strategy.execution - WARNING -    🛑 Chase stopped: credit $0.19 < floor $0.2. Aborting.
Error 10148, reqId 1232: OrderId 1232 that needs to be cancelled cannot be cancelled, state: PendingCancel.
Canceled order: Trade(contract=Contract(secType='BAG', symbol='XSP', exchange='SMART', currency='USD', comboLegs=[ComboLeg(conId=848948272, ratio=1, action='BUY', exchange='SMART', openClose=0, shortSaleSlot=0, designatedLocation='', exemptCode=-1), ComboLeg(conId=848948313, ratio=1, action='SELL', exchange='SMART', openClose=0, shortSaleSlot=0, designatedLocation='', exemptCode=-1), ComboLeg(conId=848947790, ratio=1, action='SELL', exchange='SMART', openClose=0, shortSaleSlot=0, designatedLocation='', exemptCode=-1), ComboLeg(conId=848947837, ratio=1, action='BUY', exchange='SMART', openClose=0, shortSaleSlot=0, designatedLocation='', exemptCode=-1)]), order=LimitOrder(orderId=1232, clientId=1105, action='BUY', totalQuantity=1, lmtPrice=-0.24, tif='DAY'), orderStatus=OrderStatus(orderId=1232, status='Cancelled', filled=0.0, remaining=0.0, avgFillPrice=0.0, permId=0, parentId=0, lastFillPrice=0.0, clientId=0, whyHeld='', mktCapPrice=0.0), fills=[], log=[TradeLogEntry(time=datetime.datetime(2026, 2, 19, 15, 11, 29, 186765, tzinfo=datetime.timezone.utc), status='PendingSubmit', message='', errorCode=0), TradeLogEntry(time=datetime.datetime(2026, 2, 19, 15, 11, 44, 351852, tzinfo=datetime.timezone.utc), status='PendingCancel', message='', errorCode=0), TradeLogEntry(time=datetime.datetime(2026, 2, 19, 15, 11, 45, 390782, tzinfo=datetime.timezone.utc), status='PendingCancel', message='', errorCode=0), TradeLogEntry(time=datetime.datetime(2026, 2, 19, 15, 11, 45, 391916, tzinfo=datetime.timezone.utc), status='Cancelled', message='Error 10148, reqId 1232: OrderId 1232 that needs to be cancelled cannot be cancelled, state: PendingCancel.', errorCode=10148)], advancedError='')
2026-02-19 10:12:59,142 - src.strategy.execution - INFO - ⏳ Getting leg prices (Bid/Ask) for snapshot...
2026-02-19 10:13:03,192 - src.strategy.execution - INFO - 📊 Calculated Mid Credit: $0.28 per contract (min: $0.20)
Error 10349, reqId 1375: Order TIF was set to DAY based on order preset., contract: Contract(secType='BAG', symbol='XSP', exchange='SMART', currency='USD', comboLegs=[ComboLeg(conId=848948272, ratio=1, action='BUY', exchange='SMART', openClose=0, shortSaleSlot=0, designatedLocation='', exemptCode=-1), ComboLeg(conId=848948313, ratio=1, action='SELL', exchange='SMART', openClose=0, shortSaleSlot=0, designatedLocation='', exemptCode=-1), ComboLeg(conId=848947790, ratio=1, action='SELL', exchange='SMART', openClose=0, shortSaleSlot=0, designatedLocation='', exemptCode=-1), ComboLeg(conId=848947837, ratio=1, action='BUY', exchange='SMART', openClose=0, shortSaleSlot=0, designatedLocation='', exemptCode=-1)])
2026-02-19 10:13:03,237 - src.strategy.execution - WARNING - ⚠️ Margin Check empty (Paper mode) — BYPASSING. Would block in LIVE.
2026-02-19 10:13:03,238 - src.strategy.execution - INFO -    📡 Placing order at $-0.28 (Chase 0)
2026-02-19 10:13:18,354 - src.strategy.execution - INFO -    🔄 Chase #1: Cancelling previous order...
2026-02-19 10:13:19,394 - src.strategy.execution - INFO -    📡 Placing order at $-0.23 (Chase 1)
2026-02-19 10:13:34,578 - src.strategy.execution - INFO -    🔄 Chase #2: Cancelling previous order...
2026-02-19 10:13:35,623 - src.strategy.execution - WARNING -    🛑 Chase stopped: credit $0.18 < floor $0.2. Aborting.
Error 10148, reqId 1377: OrderId 1377 that needs to be cancelled cannot be cancelled, state: Cancelled.
2026-02-19 10:16:00,523 - src.strategy.execution - INFO - ⏳ Getting leg prices (Bid/Ask) for snapshot...
2026-02-19 10:16:04,574 - src.strategy.execution - INFO - 📊 Calculated Mid Credit: $0.24 per contract (min: $0.20)
Error 10349, reqId 1654: Order TIF was set to DAY based on order preset., contract: Contract(secType='BAG', symbol='XSP', exchange='SMART', currency='USD', comboLegs=[ComboLeg(conId=848948247, ratio=1, action='BUY', exchange='SMART', openClose=0, shortSaleSlot=0, designatedLocation='', exemptCode=-1), ComboLeg(conId=848948282, ratio=1, action='SELL', exchange='SMART', openClose=0, shortSaleSlot=0, designatedLocation='', exemptCode=-1), ComboLeg(conId=848947790, ratio=1, action='SELL', exchange='SMART', openClose=0, shortSaleSlot=0, designatedLocation='', exemptCode=-1), ComboLeg(conId=848947837, ratio=1, action='BUY', exchange='SMART', openClose=0, shortSaleSlot=0, designatedLocation='', exemptCode=-1)])
2026-02-19 10:16:06,203 - src.strategy.execution - WARNING - ⚠️ Margin Check empty (Paper mode) — BYPASSING. Would block in LIVE.
2026-02-19 10:16:06,203 - src.strategy.execution - INFO -    📡 Placing order at $-0.24 (Chase 0)
2026-02-19 10:16:21,310 - src.strategy.execution - INFO -    🔄 Chase #1: Cancelling previous order...
2026-02-19 10:16:22,361 - src.strategy.execution - WARNING -    🛑 Chase stopped: credit $0.19 < floor $0.2. Aborting.
Error 10148, reqId 1655: OrderId 1655 that needs to be cancelled cannot be cancelled, state: Cancelled.
2026-02-19 10:17:40,167 - src.strategy.execution - INFO - ⏳ Getting leg prices (Bid/Ask) for snapshot...
2026-02-19 10:17:41,203 - src.strategy.execution - ERROR - ❌ Could not get Price/Bid/Ask for short_put (Bid=nan, Ask=nan)
2026-02-19 10:20:10,716 - src.strategy.execution - INFO - ⏳ Getting leg prices (Bid/Ask) for snapshot...
2026-02-19 10:20:11,755 - src.strategy.execution - ERROR - ❌ Could not get Price/Bid/Ask for short_put (Bid=nan, Ask=nan)
2026-02-19 10:21:24,496 - src.strategy.execution - INFO - ⏳ Getting leg prices (Bid/Ask) for snapshot...
2026-02-19 10:21:28,551 - src.strategy.execution - INFO - 📊 Calculated Mid Credit: $0.27 per contract (min: $0.20)
Error 10349, reqId 2210: Order TIF was set to DAY based on order preset., contract: Contract(secType='BAG', symbol='XSP', exchange='SMART', currency='USD', comboLegs=[ComboLeg(conId=848948272, ratio=1, action='BUY', exchange='SMART', openClose=0, shortSaleSlot=0, designatedLocation='', exemptCode=-1), ComboLeg(conId=848948313, ratio=1, action='SELL', exchange='SMART', openClose=0, shortSaleSlot=0, designatedLocation='', exemptCode=-1), ComboLeg(conId=848947790, ratio=1, action='SELL', exchange='SMART', openClose=0, shortSaleSlot=0, designatedLocation='', exemptCode=-1), ComboLeg(conId=848947837, ratio=1, action='BUY', exchange='SMART', openClose=0, shortSaleSlot=0, designatedLocation='', exemptCode=-1)])
2026-02-19 10:21:28,594 - src.strategy.execution - WARNING - ⚠️ Margin Check empty (Paper mode) — BYPASSING. Would block in LIVE.
2026-02-19 10:21:28,595 - src.strategy.execution - INFO -    📡 Placing order at $-0.27 (Chase 0)
2026-02-19 10:21:43,696 - src.strategy.execution - INFO -    🔄 Chase #1: Cancelling previous order...
2026-02-19 10:21:44,735 - src.strategy.execution - INFO -    📡 Placing order at $-0.22 (Chase 1)
2026-02-19 10:21:48,757 - src.strategy.execution - INFO - ✅ Credit verified from fills: $0.22 (combo price was $0.22, delta=$0.00)
2026-02-19 10:21:48,793 - src.strategy.execution - INFO - ✅ Iron Condor Opened [ID:1] and State Saved
