🔒 Acquired Instance Lock (PID 20768)

    ___    _   ____________ _______  ___ _    ______________  __
   /   |  / | / /_  __/  _// ____/ |/ / | |  / /  _/_  __/\ \/ /
  / /| | /  |/ / / /  / / / / __ |   /  | | / // /  / /    \  / 
 / ___ |/ /|  / / / _/ / / /_/ //   |   | |/ // /  / /     / /  
/_/  |_/_/ |_/ /_/ /___/ \____//_/|_|   |___/___/ /_/     /_/   
                                                                 
                    ╔═══════════════════════════╗
                    ║   XSP IRON CONDOR BOT     ║
                    ║   $200 Capital Mode       ║
                    ╚═══════════════════════════╝

VIX cache loaded: 84 days

══════════════════════════════════════════════════
  📊 TRADE JOURNAL SUMMARY
══════════════════════════════════════════════════
  Total Trades: 1
  Closed: 0 | Open: 1
══════════════════════════════════════════════════


🔌 Connecting to TWS (PAPER)...
✅ Connected to TWS (PAPER) - Account: DUO988990

!!!!!!!!!!!!!!!!!!!!!!!!!!!!!!!!!!!!!!!!!!!!!!!!!!!!!!!!!!!!
⚠️  FIX 7: VERIFY TWS SETTINGS!
   TWS → Global Configuration → API → Settings
   ☑️ 'Download open orders on connection' MUST BE ENABLED
!!!!!!!!!!!!!!!!!!!!!!!!!!!!!!!!!!!!!!!!!!!!!!!!!!!!!!!!!!!!

💰 Account Value: $1,000,792.52

══════════════════════════════════════════════════
  🔍 SCANNING FOR OPPORTUNITIES
  Press Ctrl+C to stop
══════════════════════════════════════════════════

📊 Active position - monitoring exits...

📡 Monitoring position (checking every 10s)...
[10:21:25] XSP: 680.62 | VIX: 22.0 | PnL: $-1.36 (-6%Max) | TP:-6% SL:3% | 673P(+8) 688C(+7) | Hold:32m | MaxSprd:0.24
[10:21:36] XSP: 680.42 | VIX: 22.2 | PnL: $-1.36 (-6%Max) | TP:-6% SL:3% | 673P(+7) 688C(+8) | Hold:32m | MaxSprd:0.24
[10:21:47] XSP: 680.50 | VIX: 22.1 | PnL: $-1.36 (-6%Max) | TP:-6% SL:3% | 673P(+8) 688C(+8) | Hold:32m | MaxSprd:0.24
[10:21:58] XSP: 680.45 | VIX: 22.1 | PnL: $-1.36 (-6%Max) | TP:-6% SL:3% | 673P(+7) 688C(+8) | Hold:32m | MaxSprd:0.24
[10:22:09] XSP: 680.23 | VIX: 22.1 | PnL: $-1.36 (-6%Max) | TP:-6% SL:3% | 673P(+7) 688C(+8) | Hold:32m | MaxSprd:0.24
[10:22:20] XSP: 680.63 | VIX: 22.1 | PnL: $-1.36 (-6%Max) | TP:-6% SL:3% | 673P(+8) 688C(+7) | Hold:32m | MaxSprd:0.24
[10:22:31] XSP: 680.37 | VIX: 22.1 | PnL: $-1.36 (-6%Max) | TP:-6% SL:3% | 673P(+7) 688C(+8) | Hold:33m | MaxSprd:0.24
[10:22:42] XSP: 680.19 | VIX: 22.1 | PnL: $-1.36 (-6%Max) | TP:-6% SL:3% | 673P(+7) 688C(+8) | Hold:33m | MaxSprd:0.24
[10:22:53] XSP: 680.06 | VIX: 22.2 | PnL: $-1.67 (-7%Max) | TP:-7% SL:4% | 673P(+7) 688C(+8) | Hold:33m | MaxSprd:0.25
[10:23:03] XSP: 679.99 | VIX: 22.3 | PnL: $-1.67 (-7%Max) | TP:-7% SL:4% | 673P(+7) 688C(+8) | Hold:33m | MaxSprd:0.25
[10:23:14] XSP: 680.04 | VIX: 22.3 | PnL: $-1.67 (-7%Max) | TP:-7% SL:4% | 673P(+7) 688C(+8) | Hold:33m | MaxSprd:0.25
[10:23:25] XSP: 680.05 | VIX: 22.3 | PnL: $-1.67 (-7%Max) | TP:-7% SL:4% | 673P(+7) 688C(+8) | Hold:34m | MaxSprd:0.25
[10:23:36] XSP: 679.81 | VIX: 22.3 | PnL: $-1.67 (-7%Max) | TP:-7% SL:4% | 673P(+7) 688C(+8) | Hold:34m | MaxSprd:0.25
[10:23:47] XSP: 679.69 | VIX: 22.3 | PnL: $-1.67 (-7%Max) | TP:-7% SL:4% | 673P(+7) 688C(+8) | Hold:34m | MaxSprd:0.25
[10:23:58] XSP: 679.66 | VIX: 22.3 | PnL: $-1.67 (-7%Max) | TP:-7% SL:4% | 673P(+7) 688C(+8) | Hold:34m | MaxSprd:0.25
[10:24:09] XSP: 679.73 | VIX: 22.4 | PnL: $-1.67 (-7%Max) | TP:-7% SL:4% | 673P(+7) 688C(+8) | Hold:34m | MaxSprd:0.25
[10:24:20] XSP: 679.90 | VIX: 22.4 | PnL: $-1.67 (-7%Max) | TP:-7% SL:4% | 673P(+7) 688C(+8) | Hold:34m | MaxSprd:0.25
[10:24:31] XSP: 679.67 | VIX: 22.4 | PnL: $-1.67 (-7%Max) | TP:-7% SL:4% | 673P(+7) 688C(+8) | Hold:35m | MaxSprd:0.25
[10:24:42] XSP: 679.61 | VIX: 22.4 | PnL: $-1.67 (-7%Max) | TP:-7% SL:4% | 673P(+7) 688C(+8) | Hold:35m | MaxSprd:0.25
[10:24:53] XSP: 679.62 | VIX: 22.4 | PnL: $-1.67 (-7%Max) | TP:-7% SL:4% | 673P(+7) 688C(+8) | Hold:35m | MaxSprd:0.25
[10:25:04] XSP: 679.87 | VIX: 22.4 | PnL: $-1.67 (-7%Max) | TP:-7% SL:4% | 673P(+7) 688C(+8) | Hold:35m | MaxSprd:0.25
[10:25:14] XSP: 679.75 | VIX: 22.4 | PnL: $-1.67 (-7%Max) | TP:-7% SL:4% | 673P(+7) 688C(+8) | Hold:35m | MaxSprd:0.25
[10:25:26] XSP: 679.60 | VIX: 22.4 | PnL: $-1.67 (-7%Max) | TP:-7% SL:4% | 673P(+7) 688C(+8) | Hold:36m | MaxSprd:0.25
[10:25:36] XSP: 679.38 | VIX: 22.4 | PnL: $-1.67 (-7%Max) | TP:-7% SL:4% | 673P(+6) 688C(+9) | Hold:36m | MaxSprd:0.25
[10:25:47] XSP: 679.01 | VIX: 22.6 | PnL: $-1.67 (-7%Max) | TP:-7% SL:4% | 673P(+6) 688C(+9) | Hold:36m | MaxSprd:0.25
[10:25:58] XSP: 679.08 | VIX: 22.6 | PnL: $-5.53 (-24%Max) | TP:-24% SL:12% | 673P(+6) 688C(+9) | Hold:36m | MaxSprd:0.29
[10:26:09] XSP: 679.04 | VIX: 22.5 | PnL: $-5.53 (-24%Max) | TP:-24% SL:12% | 673P(+6) 688C(+9) | Hold:36m | MaxSprd:0.29
[10:26:20] XSP: 678.92 | VIX: 22.6 | PnL: $-5.53 (-24%Max) | TP:-24% SL:12% | 673P(+6) 688C(+9) | Hold:36m | MaxSprd:0.29
[10:26:31] XSP: 679.00 | VIX: 22.6 | PnL: $-5.53 (-24%Max) | TP:-24% SL:12% | 673P(+6) 688C(+9) | Hold:37m | MaxSprd:0.29
[10:26:42] XSP: 678.87 | VIX: 22.6 | PnL: $-5.53 (-24%Max) | TP:-24% SL:12% | 673P(+6) 688C(+9) | Hold:37m | MaxSprd:0.29
[10:26:53] XSP: 678.95 | VIX: 22.6 | PnL: $-5.53 (-24%Max) | TP:-24% SL:12% | 673P(+6) 688C(+9) | Hold:37m | MaxSprd:0.29
[10:27:04] XSP: 679.21 | VIX: 22.5 | PnL: $-5.53 (-24%Max) | TP:-24% SL:12% | 673P(+6) 688C(+9) | Hold:37m | MaxSprd:0.29
[10:27:15] XSP: 679.26 | VIX: 22.5 | PnL: $-5.53 (-24%Max) | TP:-24% SL:12% | 673P(+6) 688C(+9) | Hold:37m | MaxSprd:0.29
[10:27:26] XSP: 679.26 | VIX: 22.5 | PnL: $-5.53 (-24%Max) | TP:-24% SL:12% | 673P(+6) 688C(+9) | Hold:38m | MaxSprd:0.29
[10:27:37] XSP: 679.10 | VIX: 22.5 | PnL: $-5.53 (-24%Max) | TP:-24% SL:12% | 673P(+6) 688C(+9) | Hold:38m | MaxSprd:0.29
[10:27:48] XSP: 679.24 | VIX: 22.5 | PnL: $-5.53 (-24%Max) | TP:-24% SL:12% | 673P(+6) 688C(+9) | Hold:38m | MaxSprd:0.29
[10:27:59] XSP: 679.10 | VIX: 22.5 | PnL: $-5.53 (-24%Max) | TP:-24% SL:12% | 673P(+6) 688C(+9) | Hold:38m | MaxSprd:0.29
[10:28:10] XSP: 679.01 | VIX: 22.5 | PnL: $-5.53 (-24%Max) | TP:-24% SL:12% | 673P(+6) 688C(+9) | Hold:38m | MaxSprd:0.29
[10:28:21] XSP: 679.11 | VIX: 22.6 | PnL: $-5.53 (-24%Max) | TP:-24% SL:12% | 673P(+6) 688C(+9) | Hold:39m | MaxSprd:0.29
[10:28:32] XSP: 679.04 | VIX: 22.6 | PnL: $-5.53 (-24%Max) | TP:-24% SL:12% | 673P(+6) 688C(+9) | Hold:39m | MaxSprd:0.29
[10:28:43] XSP: 678.97 | VIX: 22.6 | PnL: $-5.53 (-24%Max) | TP:-24% SL:12% | 673P(+6) 688C(+9) | Hold:39m | MaxSprd:0.29
[10:28:53] XSP: 678.95 | VIX: 22.6 | PnL: $-3.64 (-16%Max) | TP:-16% SL:8% | 673P(+6) 688C(+9) | Hold:39m | MaxSprd:0.29
[10:29:04] XSP: 678.78 | VIX: 22.6 | PnL: $-3.64 (-16%Max) | TP:-16% SL:8% | 673P(+6) 688C(+9) | Hold:39m | MaxSprd:0.29
[10:29:15] XSP: 678.63 | VIX: 22.7 | PnL: $-3.64 (-16%Max) | TP:-16% SL:8% | 673P(+6) 688C(+9) | Hold:39m | MaxSprd:0.29
[10:29:26] XSP: 678.72 | VIX: 22.7 | PnL: $-3.64 (-16%Max) | TP:-16% SL:8% | 673P(+6) 688C(+9) | Hold:40m | MaxSprd:0.29
[10:29:37] XSP: 679.00 | VIX: 22.7 | PnL: $-3.64 (-16%Max) | TP:-16% SL:8% | 673P(+6) 688C(+9) | Hold:40m | MaxSprd:0.29
[10:29:48] XSP: 679.12 | VIX: 22.5 | PnL: $-3.64 (-16%Max) | TP:-16% SL:8% | 673P(+6) 688C(+9) | Hold:40m | MaxSprd:0.29
[10:29:59] XSP: 679.10 | VIX: 22.5 | PnL: $-3.64 (-16%Max) | TP:-16% SL:8% | 673P(+6) 688C(+9) | Hold:40m | MaxSprd:0.29
[10:30:10] XSP: 679.12 | VIX: 22.6 | PnL: $-3.64 (-16%Max) | TP:-16% SL:8% | 673P(+6) 688C(+9) | Hold:40m | MaxSprd:0.29
[10:30:21] XSP: 678.96 | VIX: 22.6 | PnL: $-3.64 (-16%Max) | TP:-16% SL:8% | 673P(+6) 688C(+9) | Hold:41m | MaxSprd:0.29
[10:30:32] XSP: 678.88 | VIX: 22.6 | PnL: $-3.64 (-16%Max) | TP:-16% SL:8% | 673P(+6) 688C(+9) | Hold:41m | MaxSprd:0.29
[10:30:43] XSP: 678.78 | VIX: 22.6 | PnL: $-3.64 (-16%Max) | TP:-16% SL:8% | 673P(+6) 688C(+9) | Hold:41m | MaxSprd:0.29
[10:30:54] XSP: 678.63 | VIX: 22.7 | PnL: $-3.64 (-16%Max) | TP:-16% SL:8% | 673P(+6) 688C(+9) | Hold:41m | MaxSprd:0.29
[10:31:05] XSP: 678.63 | VIX: 22.7 | PnL: $-3.64 (-16%Max) | TP:-16% SL:8% | 673P(+6) 688C(+9) | Hold:41m | MaxSprd:0.29
[10:31:16] XSP: 678.44 | VIX: 22.7 | PnL: $-3.64 (-16%Max) | TP:-16% SL:8% | 673P(+5) 688C(+10) | Hold:41m | MaxSprd:0.29
[10:31:27] XSP: 678.45 | VIX: 22.7 | PnL: $-3.64 (-16%Max) | TP:-16% SL:8% | 673P(+5) 688C(+10) | Hold:42m | MaxSprd:0.29
[10:31:38] XSP: 678.47 | VIX: 22.7 | PnL: $-3.64 (-16%Max) | TP:-16% SL:8% | 673P(+5) 688C(+10) | Hold:42m | MaxSprd:0.29
[10:31:49] XSP: 678.62 | VIX: 22.7 | PnL: $-3.64 (-16%Max) | TP:-16% SL:8% | 673P(+6) 688C(+9) | Hold:42m | MaxSprd:0.29
[10:32:00] XSP: 678.66 | VIX: 22.7 | PnL: $-4.50 (-20%Max) | TP:-20% SL:10% | 673P(+6) 688C(+9) | Hold:42m | MaxSprd:0.29
[10:32:11] XSP: 678.35 | VIX: 22.7 | PnL: $-4.50 (-20%Max) | TP:-20% SL:10% | 673P(+5) 688C(+10) | Hold:42m | MaxSprd:0.29
[10:32:22] XSP: 678.32 | VIX: 22.8 | PnL: $-4.50 (-20%Max) | TP:-20% SL:10% | 673P(+5) 688C(+10) | Hold:43m | MaxSprd:0.29
[10:32:33] XSP: 678.41 | VIX: 22.8 | PnL: $-4.50 (-20%Max) | TP:-20% SL:10% | 673P(+5) 688C(+10) | Hold:43m | MaxSprd:0.29
[10:32:44] XSP: 678.33 | VIX: 22.8 | PnL: $-4.50 (-20%Max) | TP:-20% SL:10% | 673P(+5) 688C(+10) | Hold:43m | MaxSprd:0.29
[10:32:55] XSP: 678.31 | VIX: 22.8 | PnL: $-4.50 (-20%Max) | TP:-20% SL:10% | 673P(+5) 688C(+10) | Hold:43m | MaxSprd:0.29
[10:33:06] XSP: 678.38 | VIX: 22.8 | PnL: $-4.50 (-20%Max) | TP:-20% SL:10% | 673P(+5) 688C(+10) | Hold:43m | MaxSprd:0.29
[10:33:17] XSP: 678.19 | VIX: 22.8 | PnL: $-4.50 (-20%Max) | TP:-20% SL:10% | 673P(+5) 688C(+10) | Hold:43m | MaxSprd:0.29
⚠️ DANGER [10:33:28] XSP: 677.92 | VIX: 22.8 | PnL: $-4.50 (-20%Max) | TP:-20% SL:10% | 673P(+5) 688C(+10) | Hold:44m | MaxSprd:0.29
⚠️ DANGER [10:33:39] XSP: 677.60 | VIX: 22.9 | PnL: $-4.50 (-20%Max) | TP:-20% SL:10% | 673P(+5) 688C(+10) | Hold:44m | MaxSprd:0.29
⚠️ DANGER [10:33:50] XSP: 677.73 | VIX: 23.0 | PnL: $-4.50 (-20%Max) | TP:-20% SL:10% | 673P(+5) 688C(+10) | Hold:44m | MaxSprd:0.29
⚠️ DANGER [10:34:01] XSP: 677.92 | VIX: 22.9 | PnL: $-4.50 (-20%Max) | TP:-20% SL:10% | 673P(+5) 688C(+10) | Hold:44m | MaxSprd:0.29
⚠️ DANGER [10:34:11] XSP: 677.72 | VIX: 22.9 | PnL: $-4.50 (-20%Max) | TP:-20% SL:10% | 673P(+5) 688C(+10) | Hold:44m | MaxSprd:0.29
⚠️ DANGER [10:34:22] XSP: 677.88 | VIX: 22.9 | PnL: $-4.50 (-20%Max) | TP:-20% SL:10% | 673P(+5) 688C(+10) | Hold:45m | MaxSprd:0.29
⚠️ DANGER [10:34:33] XSP: 677.83 | VIX: 22.9 | PnL: $-4.50 (-20%Max) | TP:-20% SL:10% | 673P(+5) 688C(+10) | Hold:45m | MaxSprd:0.29
⚠️ DANGER [10:34:44] XSP: 677.81 | VIX: 22.9 | PnL: $-4.50 (-20%Max) | TP:-20% SL:10% | 673P(+5) 688C(+10) | Hold:45m | MaxSprd:0.29
⚠️ DANGER [10:34:55] XSP: 677.77 | VIX: 22.9 | PnL: $-9.69 (-42%Max) | TP:-42% SL:21% | 673P(+5) 688C(+10) | Hold:45m | MaxSprd:0.33
⚠️ DANGER [10:35:06] XSP: 677.99 | VIX: 22.9 | PnL: $-9.69 (-42%Max) | TP:-42% SL:21% | 673P(+5) 688C(+10) | Hold:45m | MaxSprd:0.33
[10:35:17] XSP: 678.39 | VIX: 22.8 | PnL: $-9.69 (-42%Max) | TP:-42% SL:21% | 673P(+5) 688C(+10) | Hold:45m | MaxSprd:0.33
[10:35:28] XSP: 678.49 | VIX: 22.8 | PnL: $-9.69 (-42%Max) | TP:-42% SL:21% | 673P(+5) 688C(+10) | Hold:46m | MaxSprd:0.33
[10:35:39] XSP: 678.40 | VIX: 22.8 | PnL: $-9.69 (-42%Max) | TP:-42% SL:21% | 673P(+5) 688C(+10) | Hold:46m | MaxSprd:0.33
[10:35:50] XSP: 678.15 | VIX: 22.8 | PnL: $-9.69 (-42%Max) | TP:-42% SL:21% | 673P(+5) 688C(+10) | Hold:46m | MaxSprd:0.33
[10:36:01] XSP: 678.17 | VIX: 22.8 | PnL: $-9.69 (-42%Max) | TP:-42% SL:21% | 673P(+5) 688C(+10) | Hold:46m | MaxSprd:0.33
[10:36:12] XSP: 678.33 | VIX: 22.8 | PnL: $-9.69 (-42%Max) | TP:-42% SL:21% | 673P(+5) 688C(+10) | Hold:46m | MaxSprd:0.33
[10:36:23] XSP: 678.24 | VIX: 22.8 | PnL: $-9.69 (-42%Max) | TP:-42% SL:21% | 673P(+5) 688C(+10) | Hold:47m | MaxSprd:0.33
[10:36:34] XSP: 678.16 | VIX: 22.8 | PnL: $-9.69 (-42%Max) | TP:-42% SL:21% | 673P(+5) 688C(+10) | Hold:47m | MaxSprd:0.33
[10:36:45] XSP: 678.31 | VIX: 22.8 | PnL: $-9.69 (-42%Max) | TP:-42% SL:21% | 673P(+5) 688C(+10) | Hold:47m | MaxSprd:0.33
[10:36:56] XSP: 678.37 | VIX: 22.8 | PnL: $-9.69 (-42%Max) | TP:-42% SL:21% | 673P(+5) 688C(+10) | Hold:47m | MaxSprd:0.33
[10:37:07] XSP: 678.40 | VIX: 22.7 | PnL: $-9.69 (-42%Max) | TP:-42% SL:21% | 673P(+5) 688C(+10) | Hold:47m | MaxSprd:0.33
[10:37:18] XSP: 678.40 | VIX: 22.7 | PnL: $-9.69 (-42%Max) | TP:-42% SL:21% | 673P(+5) 688C(+10) | Hold:47m | MaxSprd:0.33
[10:37:29] XSP: 678.56 | VIX: 22.7 | PnL: $-9.69 (-42%Max) | TP:-42% SL:21% | 673P(+6) 688C(+9) | Hold:48m | MaxSprd:0.33
[10:37:40] XSP: 678.40 | VIX: 22.7 | PnL: $-9.69 (-42%Max) | TP:-42% SL:21% | 673P(+5) 688C(+10) | Hold:48m | MaxSprd:0.33
[10:37:51] XSP: 678.21 | VIX: 22.7 | PnL: $-9.69 (-42%Max) | TP:-42% SL:21% | 673P(+5) 688C(+10) | Hold:48m | MaxSprd:0.33
[10:38:01] XSP: 678.03 | VIX: 22.8 | PnL: $-5.29 (-23%Max) | TP:-23% SL:11% | 673P(+5) 688C(+10) | Hold:48m | MaxSprd:0.33
⚠️ DANGER [10:38:12] XSP: 677.86 | VIX: 22.8 | PnL: $-5.29 (-23%Max) | TP:-23% SL:11% | 673P(+5) 688C(+10) | Hold:48m | MaxSprd:0.33
⚠️ DANGER [10:38:23] XSP: 677.89 | VIX: 22.9 | PnL: $-5.29 (-23%Max) | TP:-23% SL:11% | 673P(+5) 688C(+10) | Hold:49m | MaxSprd:0.33
⚠️ DANGER [10:38:34] XSP: 677.82 | VIX: 22.9 | PnL: $-5.29 (-23%Max) | TP:-23% SL:11% | 673P(+5) 688C(+10) | Hold:49m | MaxSprd:0.33
[10:38:45] XSP: 678.00 | VIX: 22.8 | PnL: $-5.29 (-23%Max) | TP:-23% SL:11% | 673P(+5) 688C(+10) | Hold:49m | MaxSprd:0.33
⚠️ DANGER [10:38:56] XSP: 677.93 | VIX: 22.8 | PnL: $-5.29 (-23%Max) | TP:-23% SL:11% | 673P(+5) 688C(+10) | Hold:49m | MaxSprd:0.33
⚠️ DANGER [10:39:07] XSP: 677.76 | VIX: 22.9 | PnL: $-5.29 (-23%Max) | TP:-23% SL:11% | 673P(+5) 688C(+10) | Hold:49m | MaxSprd:0.33
⚠️ DANGER [10:39:18] XSP: 677.89 | VIX: 22.9 | PnL: $-5.29 (-23%Max) | TP:-23% SL:11% | 673P(+5) 688C(+10) | Hold:49m | MaxSprd:0.33
⚠️ DANGER [10:39:29] XSP: 677.69 | VIX: 22.9 | PnL: $-5.29 (-23%Max) | TP:-23% SL:11% | 673P(+5) 688C(+10) | Hold:50m | MaxSprd:0.33
⚠️ DANGER [10:39:40] XSP: 677.64 | VIX: 22.9 | PnL: $-5.29 (-23%Max) | TP:-23% SL:11% | 673P(+5) 688C(+10) | Hold:50m | MaxSprd:0.33
⚠️ DANGER [10:39:51] XSP: 677.60 | VIX: 22.9 | PnL: $-5.29 (-23%Max) | TP:-23% SL:11% | 673P(+5) 688C(+10) | Hold:50m | MaxSprd:0.33
⚠️ DANGER [10:40:02] XSP: 677.57 | VIX: 22.9 | PnL: $-5.29 (-23%Max) | TP:-23% SL:11% | 673P(+5) 688C(+10) | Hold:50m | MaxSprd:0.33
⚠️ DANGER [10:40:13] XSP: 677.61 | VIX: 22.9 | PnL: $-5.29 (-23%Max) | TP:-23% SL:11% | 673P(+5) 688C(+10) | Hold:50m | MaxSprd:0.33
[10:40:24] XSP: 678.06 | VIX: 22.9 | PnL: $-5.29 (-23%Max) | TP:-23% SL:11% | 673P(+5) 688C(+10) | Hold:51m | MaxSprd:0.33
[10:40:35] XSP: 678.21 | VIX: 22.8 | PnL: $-5.29 (-23%Max) | TP:-23% SL:11% | 673P(+5) 688C(+10) | Hold:51m | MaxSprd:0.33
[10:40:46] XSP: 678.12 | VIX: 22.8 | PnL: $-5.29 (-23%Max) | TP:-23% SL:11% | 673P(+5) 688C(+10) | Hold:51m | MaxSprd:0.33
[10:40:57] XSP: 678.11 | VIX: 22.8 | PnL: $-5.47 (-24%Max) | TP:-24% SL:12% | 673P(+5) 688C(+10) | Hold:51m | MaxSprd:0.33
[10:41:08] XSP: 678.08 | VIX: 22.7 | PnL: $-5.47 (-24%Max) | TP:-24% SL:12% | 673P(+5) 688C(+10) | Hold:51m | MaxSprd:0.33
⚠️ DANGER [10:41:19] XSP: 677.84 | VIX: 22.8 | PnL: $-5.47 (-24%Max) | TP:-24% SL:12% | 673P(+5) 688C(+10) | Hold:51m | MaxSprd:0.33
⚠️ DANGER [10:41:30] XSP: 677.74 | VIX: 22.8 | PnL: $-5.47 (-24%Max) | TP:-24% SL:12% | 673P(+5) 688C(+10) | Hold:52m | MaxSprd:0.33
⚠️ DANGER [10:41:41] XSP: 677.68 | VIX: 22.9 | PnL: $-5.47 (-24%Max) | TP:-24% SL:12% | 673P(+5) 688C(+10) | Hold:52m | MaxSprd:0.33
⚠️ DANGER [10:41:52] XSP: 677.63 | VIX: 22.9 | PnL: $-5.47 (-24%Max) | TP:-24% SL:12% | 673P(+5) 688C(+10) | Hold:52m | MaxSprd:0.33
⚠️ DANGER [10:42:03] XSP: 677.59 | VIX: 22.9 | PnL: $-5.47 (-24%Max) | TP:-24% SL:12% | 673P(+5) 688C(+10) | Hold:52m | MaxSprd:0.33
⚠️ DANGER [10:42:14] XSP: 677.64 | VIX: 22.9 | PnL: $-5.47 (-24%Max) | TP:-24% SL:12% | 673P(+5) 688C(+10) | Hold:52m | MaxSprd:0.33
⚠️ DANGER [10:42:25] XSP: 677.62 | VIX: 22.9 | PnL: $-5.47 (-24%Max) | TP:-24% SL:12% | 673P(+5) 688C(+10) | Hold:53m | MaxSprd:0.33
⚠️ DANGER [10:42:36] XSP: 677.80 | VIX: 22.8 | PnL: $-5.47 (-24%Max) | TP:-24% SL:12% | 673P(+5) 688C(+10) | Hold:53m | MaxSprd:0.33
⚠️ DANGER [10:42:46] XSP: 677.84 | VIX: 22.8 | PnL: $-5.47 (-24%Max) | TP:-24% SL:12% | 673P(+5) 688C(+10) | Hold:53m | MaxSprd:0.33
⚠️ DANGER [10:42:58] XSP: 677.83 | VIX: 22.8 | PnL: $-5.47 (-24%Max) | TP:-24% SL:12% | 673P(+5) 688C(+10) | Hold:53m | MaxSprd:0.33
⚠️ DANGER [10:43:08] XSP: 677.81 | VIX: 22.8 | PnL: $-5.47 (-24%Max) | TP:-24% SL:12% | 673P(+5) 688C(+10) | Hold:53m | MaxSprd:0.33
⚠️ DANGER [10:43:19] XSP: 677.97 | VIX: 22.8 | PnL: $-5.47 (-24%Max) | TP:-24% SL:12% | 673P(+5) 688C(+10) | Hold:53m | MaxSprd:0.33
⚠️ DANGER [10:43:31] XSP: 677.89 | VIX: 22.8 | PnL: $-5.47 (-24%Max) | TP:-24% SL:12% | 673P(+5) 688C(+10) | Hold:54m | MaxSprd:0.33
⚠️ DANGER [10:43:42] XSP: 677.87 | VIX: 22.8 | PnL: $-5.47 (-24%Max) | TP:-24% SL:12% | 673P(+5) 688C(+10) | Hold:54m | MaxSprd:0.33
⚠️ DANGER [10:43:53] XSP: 677.87 | VIX: 22.8 | PnL: $-5.27 (-23%Max) | TP:-23% SL:11% | 673P(+5) 688C(+10) | Hold:54m | MaxSprd:0.33
⚠️ DANGER [10:44:04] XSP: 677.89 | VIX: 22.8 | PnL: $-5.27 (-23%Max) | TP:-23% SL:11% | 673P(+5) 688C(+10) | Hold:54m | MaxSprd:0.33
⚠️ DANGER [10:44:15] XSP: 677.91 | VIX: 22.8 | PnL: $-5.27 (-23%Max) | TP:-23% SL:11% | 673P(+5) 688C(+10) | Hold:54m | MaxSprd:0.33
⚠️ DANGER [10:44:27] XSP: 677.96 | VIX: 22.8 | PnL: $-5.27 (-23%Max) | TP:-23% SL:11% | 673P(+5) 688C(+10) | Hold:55m | MaxSprd:0.33
[10:44:38] XSP: 678.26 | VIX: 22.7 | PnL: $-5.27 (-23%Max) | TP:-23% SL:11% | 673P(+5) 688C(+10) | Hold:55m | MaxSprd:0.33
[10:44:49] XSP: 678.19 | VIX: 22.7 | PnL: $-5.27 (-23%Max) | TP:-23% SL:11% | 673P(+5) 688C(+10) | Hold:55m | MaxSprd:0.33
[10:45:00] XSP: 678.34 | VIX: 22.6 | PnL: $-5.27 (-23%Max) | TP:-23% SL:11% | 673P(+5) 688C(+10) | Hold:55m | MaxSprd:0.33
[10:45:11] XSP: 678.52 | VIX: 22.6 | PnL: $-5.27 (-23%Max) | TP:-23% SL:11% | 673P(+6) 688C(+9) | Hold:55m | MaxSprd:0.33
[10:45:22] XSP: 678.56 | VIX: 22.6 | PnL: $-5.27 (-23%Max) | TP:-23% SL:11% | 673P(+6) 688C(+9) | Hold:56m | MaxSprd:0.33
[10:45:33] XSP: 678.33 | VIX: 22.6 | PnL: $-5.27 (-23%Max) | TP:-23% SL:11% | 673P(+5) 688C(+10) | Hold:56m | MaxSprd:0.33
[10:45:44] XSP: 678.33 | VIX: 22.6 | PnL: $-5.27 (-23%Max) | TP:-23% SL:11% | 673P(+5) 688C(+10) | Hold:56m | MaxSprd:0.33
[10:45:55] XSP: 678.70 | VIX: 22.6 | PnL: $-5.27 (-23%Max) | TP:-23% SL:11% | 673P(+6) 688C(+9) | Hold:56m | MaxSprd:0.33
[10:46:06] XSP: 678.73 | VIX: 22.4 | PnL: $-5.27 (-23%Max) | TP:-23% SL:11% | 673P(+6) 688C(+9) | Hold:56m | MaxSprd:0.33
[10:46:17] XSP: 678.66 | VIX: 22.5 | PnL: $-5.27 (-23%Max) | TP:-23% SL:11% | 673P(+6) 688C(+9) | Hold:56m | MaxSprd:0.33
[10:46:28] XSP: 678.53 | VIX: 22.5 | PnL: $-5.27 (-23%Max) | TP:-23% SL:11% | 673P(+6) 688C(+9) | Hold:57m | MaxSprd:0.33
[10:46:39] XSP: 678.59 | VIX: 22.5 | PnL: $-5.27 (-23%Max) | TP:-23% SL:11% | 673P(+6) 688C(+9) | Hold:57m | MaxSprd:0.33
[10:46:50] XSP: 678.64 | VIX: 22.5 | PnL: $-5.27 (-23%Max) | TP:-23% SL:11% | 673P(+6) 688C(+9) | Hold:57m | MaxSprd:0.33
[10:47:01] XSP: 678.80 | VIX: 22.4 | PnL: $-0.61 (-3%Max) | TP:-3% SL:1% | 673P(+6) 688C(+9) | Hold:57m | MaxSprd:0.33
[10:47:12] XSP: 678.94 | VIX: 22.4 | PnL: $-0.61 (-3%Max) | TP:-3% SL:1% | 673P(+6) 688C(+9) | Hold:57m | MaxSprd:0.33
[10:47:23] XSP: 679.19 | VIX: 22.3 | PnL: $-0.61 (-3%Max) | TP:-3% SL:1% | 673P(+6) 688C(+9) | Hold:58m | MaxSprd:0.33
[10:47:34] XSP: 679.52 | VIX: 22.2 | PnL: $-0.61 (-3%Max) | TP:-3% SL:1% | 673P(+7) 688C(+8) | Hold:58m | MaxSprd:0.33
[10:47:44] XSP: 679.49 | VIX: 22.2 | PnL: $-0.61 (-3%Max) | TP:-3% SL:1% | 673P(+6) 688C(+9) | Hold:58m | MaxSprd:0.33
[10:47:55] XSP: 679.50 | VIX: 22.1 | PnL: $-0.61 (-3%Max) | TP:-3% SL:1% | 673P(+6) 688C(+8) | Hold:58m | MaxSprd:0.33
[10:48:06] XSP: 679.86 | VIX: 22.1 | PnL: $-0.61 (-3%Max) | TP:-3% SL:1% | 673P(+7) 688C(+8) | Hold:58m | MaxSprd:0.33
[10:48:17] XSP: 679.74 | VIX: 22.1 | PnL: $-0.61 (-3%Max) | TP:-3% SL:1% | 673P(+7) 688C(+8) | Hold:58m | MaxSprd:0.33
[10:48:28] XSP: 679.53 | VIX: 22.1 | PnL: $-0.61 (-3%Max) | TP:-3% SL:1% | 673P(+7) 688C(+8) | Hold:59m | MaxSprd:0.33
[10:48:39] XSP: 679.42 | VIX: 22.1 | PnL: $-0.61 (-3%Max) | TP:-3% SL:1% | 673P(+6) 688C(+9) | Hold:59m | MaxSprd:0.33
[10:48:50] XSP: 679.32 | VIX: 22.2 | PnL: $-0.61 (-3%Max) | TP:-3% SL:1% | 673P(+6) 688C(+9) | Hold:59m | MaxSprd:0.33
[10:49:01] XSP: 679.36 | VIX: 22.2 | PnL: $-0.61 (-3%Max) | TP:-3% SL:1% | 673P(+6) 688C(+9) | Hold:59m | MaxSprd:0.33
[10:49:12] XSP: 679.45 | VIX: 22.2 | PnL: $-0.61 (-3%Max) | TP:-3% SL:1% | 673P(+6) 688C(+9) | Hold:59m | MaxSprd:0.33
[10:49:23] XSP: 679.37 | VIX: 22.1 | PnL: $-0.61 (-3%Max) | TP:-3% SL:1% | 673P(+6) 688C(+9) | Hold:60m | MaxSprd:0.33
[10:49:34] XSP: 679.26 | VIX: 22.2 | PnL: $-0.61 (-3%Max) | TP:-3% SL:1% | 673P(+6) 688C(+9) | Hold:60m | MaxSprd:0.33
[10:49:45] XSP: 679.43 | VIX: 22.2 | PnL: $-0.61 (-3%Max) | TP:-3% SL:1% | 673P(+6) 688C(+9) | Hold:60m | MaxSprd:0.33
[10:49:56] XSP: 679.44 | VIX: 22.2 | PnL: $3.70 (16%Max) | TP:16% SL:-8% | 673P(+6) 688C(+9) | Hold:60m | MaxSprd:0.33
[10:50:07] XSP: 679.06 | VIX: 22.2 | PnL: $3.70 (16%Max) | TP:16% SL:-8% | 673P(+6) 688C(+9) | Hold:60m | MaxSprd:0.33
[10:50:18] XSP: 679.05 | VIX: 22.3 | PnL: $3.70 (16%Max) | TP:16% SL:-8% | 673P(+6) 688C(+9) | Hold:60m | MaxSprd:0.33
[10:50:29] XSP: 679.31 | VIX: 22.3 | PnL: $3.70 (16%Max) | TP:16% SL:-8% | 673P(+6) 688C(+9) | Hold:61m | MaxSprd:0.33
[10:50:40] XSP: 679.17 | VIX: 22.2 | PnL: $3.70 (16%Max) | TP:16% SL:-8% | 673P(+6) 688C(+9) | Hold:61m | MaxSprd:0.33
[10:50:51] XSP: 679.06 | VIX: 22.3 | PnL: $3.70 (16%Max) | TP:16% SL:-8% | 673P(+6) 688C(+9) | Hold:61m | MaxSprd:0.33
[10:51:02] XSP: 679.07 | VIX: 22.3 | PnL: $3.70 (16%Max) | TP:16% SL:-8% | 673P(+6) 688C(+9) | Hold:61m | MaxSprd:0.33
[10:51:13] XSP: 679.16 | VIX: 22.3 | PnL: $3.70 (16%Max) | TP:16% SL:-8% | 673P(+6) 688C(+9) | Hold:61m | MaxSprd:0.33
[10:51:24] XSP: 679.17 | VIX: 22.3 | PnL: $3.70 (16%Max) | TP:16% SL:-8% | 673P(+6) 688C(+9) | Hold:62m | MaxSprd:0.33
[10:51:35] XSP: 679.23 | VIX: 22.3 | PnL: $3.70 (16%Max) | TP:16% SL:-8% | 673P(+6) 688C(+9) | Hold:62m | MaxSprd:0.33
[10:51:46] XSP: 679.49 | VIX: 22.2 | PnL: $3.70 (16%Max) | TP:16% SL:-8% | 673P(+6) 688C(+9) | Hold:62m | MaxSprd:0.33
[10:51:57] XSP: 679.93 | VIX: 22.2 | PnL: $3.70 (16%Max) | TP:16% SL:-8% | 673P(+7) 688C(+8) | Hold:62m | MaxSprd:0.33
[10:52:08] XSP: 679.66 | VIX: 22.1 | PnL: $3.70 (16%Max) | TP:16% SL:-8% | 673P(+7) 688C(+8) | Hold:62m | MaxSprd:0.33
[10:52:19] XSP: 679.59 | VIX: 22.2 | PnL: $3.70 (16%Max) | TP:16% SL:-8% | 673P(+7) 688C(+8) | Hold:62m | MaxSprd:0.33
[10:52:30] XSP: 679.67 | VIX: 22.2 | PnL: $3.70 (16%Max) | TP:16% SL:-8% | 673P(+7) 688C(+8) | Hold:63m | MaxSprd:0.33
[10:52:40] XSP: 679.46 | VIX: 22.2 | PnL: $3.70 (16%Max) | TP:16% SL:-8% | 673P(+6) 688C(+9) | Hold:63m | MaxSprd:0.33
[10:52:51] XSP: 679.38 | VIX: 22.3 | PnL: $3.70 (16%Max) | TP:16% SL:-8% | 673P(+6) 688C(+9) | Hold:63m | MaxSprd:0.33
[10:53:02] XSP: 679.48 | VIX: 22.2 | PnL: $3.08 (13%Max) | TP:13% SL:-7% | 673P(+6) 688C(+9) | Hold:63m | MaxSprd:0.33
[10:53:13] XSP: 679.56 | VIX: 22.2 | PnL: $3.08 (13%Max) | TP:13% SL:-7% | 673P(+7) 688C(+8) | Hold:63m | MaxSprd:0.33
[10:53:24] XSP: 679.42 | VIX: 22.2 | PnL: $3.08 (13%Max) | TP:13% SL:-7% | 673P(+6) 688C(+9) | Hold:64m | MaxSprd:0.33
[10:53:35] XSP: 679.53 | VIX: 22.2 | PnL: $3.08 (13%Max) | TP:13% SL:-7% | 673P(+7) 688C(+8) | Hold:64m | MaxSprd:0.33
[10:53:46] XSP: 679.53 | VIX: 22.2 | PnL: $3.08 (13%Max) | TP:13% SL:-7% | 673P(+7) 688C(+8) | Hold:64m | MaxSprd:0.33
[10:53:57] XSP: 679.52 | VIX: 22.2 | PnL: $3.08 (13%Max) | TP:13% SL:-7% | 673P(+7) 688C(+8) | Hold:64m | MaxSprd:0.33
[10:54:08] XSP: 679.55 | VIX: 22.2 | PnL: $3.08 (13%Max) | TP:13% SL:-7% | 673P(+7) 688C(+8) | Hold:64m | MaxSprd:0.33
[10:54:19] XSP: 679.52 | VIX: 22.2 | PnL: $3.08 (13%Max) | TP:13% SL:-7% | 673P(+7) 688C(+8) | Hold:64m | MaxSprd:0.33
[10:54:30] XSP: 679.56 | VIX: 22.2 | PnL: $3.08 (13%Max) | TP:13% SL:-7% | 673P(+7) 688C(+8) | Hold:65m | MaxSprd:0.33
[10:54:41] XSP: 679.59 | VIX: 22.2 | PnL: $3.08 (13%Max) | TP:13% SL:-7% | 673P(+7) 688C(+8) | Hold:65m | MaxSprd:0.33
[10:54:52] XSP: 679.59 | VIX: 22.2 | PnL: $3.08 (13%Max) | TP:13% SL:-7% | 673P(+7) 688C(+8) | Hold:65m | MaxSprd:0.33
[10:55:03] XSP: 679.61 | VIX: 22.2 | PnL: $3.08 (13%Max) | TP:13% SL:-7% | 673P(+7) 688C(+8) | Hold:65m | MaxSprd:0.33
[10:55:14] XSP: 679.73 | VIX: 22.2 | PnL: $3.08 (13%Max) | TP:13% SL:-7% | 673P(+7) 688C(+8) | Hold:65m | MaxSprd:0.33
[10:55:25] XSP: 679.70 | VIX: 22.2 | PnL: $3.08 (13%Max) | TP:13% SL:-7% | 673P(+7) 688C(+8) | Hold:66m | MaxSprd:0.33
[10:55:36] XSP: 679.69 | VIX: 22.2 | PnL: $3.08 (13%Max) | TP:13% SL:-7% | 673P(+7) 688C(+8) | Hold:66m | MaxSprd:0.33
[10:55:47] XSP: 679.89 | VIX: 22.1 | PnL: $3.08 (13%Max) | TP:13% SL:-7% | 673P(+7) 688C(+8) | Hold:66m | MaxSprd:0.33
[10:55:58] XSP: 680.12 | VIX: 22.1 | PnL: $6.59 (29%Max) | TP:29% SL:-14% | 673P(+7) 688C(+8) | Hold:66m | MaxSprd:0.33
[10:56:09] XSP: 680.01 | VIX: 22.0 | PnL: $6.59 (29%Max) | TP:29% SL:-14% | 673P(+7) 688C(+8) | Hold:66m | MaxSprd:0.33
[10:56:20] XSP: 679.80 | VIX: 22.1 | PnL: $6.59 (29%Max) | TP:29% SL:-14% | 673P(+7) 688C(+8) | Hold:66m | MaxSprd:0.33
[10:56:30] XSP: 679.49 | VIX: 22.2 | PnL: $6.59 (29%Max) | TP:29% SL:-14% | 673P(+6) 688C(+9) | Hold:67m | MaxSprd:0.33
[10:56:41] XSP: 679.51 | VIX: 22.2 | PnL: $6.59 (29%Max) | TP:29% SL:-14% | 673P(+7) 688C(+8) | Hold:67m | MaxSprd:0.33
[10:56:52] XSP: 679.54 | VIX: 22.2 | PnL: $6.59 (29%Max) | TP:29% SL:-14% | 673P(+7) 688C(+8) | Hold:67m | MaxSprd:0.33
[10:57:03] XSP: 679.78 | VIX: 22.1 | PnL: $6.59 (29%Max) | TP:29% SL:-14% | 673P(+7) 688C(+8) | Hold:67m | MaxSprd:0.33
[10:57:14] XSP: 679.84 | VIX: 22.1 | PnL: $6.59 (29%Max) | TP:29% SL:-14% | 673P(+7) 688C(+8) | Hold:67m | MaxSprd:0.33
[10:57:25] XSP: 679.83 | VIX: 22.1 | PnL: $6.59 (29%Max) | TP:29% SL:-14% | 673P(+7) 688C(+8) | Hold:68m | MaxSprd:0.33
[10:57:36] XSP: 679.91 | VIX: 22.1 | PnL: $6.59 (29%Max) | TP:29% SL:-14% | 673P(+7) 688C(+8) | Hold:68m | MaxSprd:0.33
[10:57:47] XSP: 679.86 | VIX: 22.1 | PnL: $6.59 (29%Max) | TP:29% SL:-14% | 673P(+7) 688C(+8) | Hold:68m | MaxSprd:0.33
[10:57:58] XSP: 679.51 | VIX: 22.1 | PnL: $6.59 (29%Max) | TP:29% SL:-14% | 673P(+7) 688C(+8) | Hold:68m | MaxSprd:0.33
[10:58:09] XSP: 679.86 | VIX: 22.2 | PnL: $6.59 (29%Max) | TP:29% SL:-14% | 673P(+7) 688C(+8) | Hold:68m | MaxSprd:0.33
[10:58:20] XSP: 679.85 | VIX: 22.1 | PnL: $6.59 (29%Max) | TP:29% SL:-14% | 673P(+7) 688C(+8) | Hold:68m | MaxSprd:0.33
[10:58:31] XSP: 679.83 | VIX: 22.1 | PnL: $6.59 (29%Max) | TP:29% SL:-14% | 673P(+7) 688C(+8) | Hold:69m | MaxSprd:0.33
[10:58:42] XSP: 679.96 | VIX: 22.1 | PnL: $6.59 (29%Max) | TP:29% SL:-14% | 673P(+7) 688C(+8) | Hold:69m | MaxSprd:0.33
[10:58:53] XSP: 680.06 | VIX: 22.1 | PnL: $6.04 (26%Max) | TP:26% SL:-13% | 673P(+7) 688C(+8) | Hold:69m | MaxSprd:0.33
[10:59:04] XSP: 680.19 | VIX: 22.0 | PnL: $6.04 (26%Max) | TP:26% SL:-13% | 673P(+7) 688C(+8) | Hold:69m | MaxSprd:0.33
[10:59:15] XSP: 680.18 | VIX: 22.0 | PnL: $6.04 (26%Max) | TP:26% SL:-13% | 673P(+7) 688C(+8) | Hold:69m | MaxSprd:0.33
[10:59:26] XSP: 680.04 | VIX: 22.0 | PnL: $6.04 (26%Max) | TP:26% SL:-13% | 673P(+7) 688C(+8) | Hold:70m | MaxSprd:0.33
[10:59:37] XSP: 680.14 | VIX: 22.1 | PnL: $6.04 (26%Max) | TP:26% SL:-13% | 673P(+7) 688C(+8) | Hold:70m | MaxSprd:0.33
[10:59:48] XSP: 680.20 | VIX: 22.0 | PnL: $6.04 (26%Max) | TP:26% SL:-13% | 673P(+7) 688C(+8) | Hold:70m | MaxSprd:0.33
[10:59:59] XSP: 680.34 | VIX: 22.0 | PnL: $6.04 (26%Max) | TP:26% SL:-13% | 673P(+7) 688C(+8) | Hold:70m | MaxSprd:0.33
[11:00:10] XSP: 680.45 | VIX: 22.0 | PnL: $6.04 (26%Max) | TP:26% SL:-13% | 673P(+7) 688C(+8) | Hold:70m | MaxSprd:0.33
[11:00:21] XSP: 680.44 | VIX: 21.9 | PnL: $6.04 (26%Max) | TP:26% SL:-13% | 673P(+7) 688C(+8) | Hold:71m | MaxSprd:0.33
[11:00:31] XSP: 680.36 | VIX: 22.0 | PnL: $6.04 (26%Max) | TP:26% SL:-13% | 673P(+7) 688C(+8) | Hold:71m | MaxSprd:0.33
[11:00:42] XSP: 680.28 | VIX: 22.0 | PnL: $6.04 (26%Max) | TP:26% SL:-13% | 673P(+7) 688C(+8) | Hold:71m | MaxSprd:0.33
[11:00:53] XSP: 680.43 | VIX: 22.0 | PnL: $6.04 (26%Max) | TP:26% SL:-13% | 673P(+7) 688C(+8) | Hold:71m | MaxSprd:0.33
[11:01:04] XSP: 680.50 | VIX: 21.9 | PnL: $6.04 (26%Max) | TP:26% SL:-13% | 673P(+8) 688C(+8) | Hold:71m | MaxSprd:0.33
[11:01:15] XSP: 680.54 | VIX: 21.9 | PnL: $6.04 (26%Max) | TP:26% SL:-13% | 673P(+8) 688C(+7) | Hold:71m | MaxSprd:0.33
[11:01:26] XSP: 680.60 | VIX: 21.9 | PnL: $6.04 (26%Max) | TP:26% SL:-13% | 673P(+8) 688C(+7) | Hold:72m | MaxSprd:0.33
[11:01:37] XSP: 680.74 | VIX: 21.9 | PnL: $6.04 (26%Max) | TP:26% SL:-13% | 673P(+8) 688C(+7) | Hold:72m | MaxSprd:0.33
[11:01:48] XSP: 681.05 | VIX: 21.8 | PnL: $6.04 (26%Max) | TP:26% SL:-13% | 673P(+8) 688C(+7) | Hold:72m | MaxSprd:0.33
[11:01:59] XSP: 681.33 | VIX: 21.8 | PnL: $10.35 (45%Max) | TP:45% SL:-22% | 673P(+8) 688C(+7) | Hold:72m | MaxSprd:0.33
[11:02:10] XSP: 681.49 | VIX: 21.7 | PnL: $10.35 (45%Max) | TP:45% SL:-22% | 673P(+8) 688C(+7) | Hold:72m | MaxSprd:0.33
[11:02:21] XSP: 681.39 | VIX: 21.6 | PnL: $10.35 (45%Max) | TP:45% SL:-22% | 673P(+8) 688C(+7) | Hold:73m | MaxSprd:0.33
[11:02:32] XSP: 681.52 | VIX: 21.6 | PnL: $10.35 (45%Max) | TP:45% SL:-22% | 673P(+9) 688C(+6) | Hold:73m | MaxSprd:0.33
[11:02:43] XSP: 681.53 | VIX: 21.6 | PnL: $10.35 (45%Max) | TP:45% SL:-22% | 673P(+9) 688C(+6) | Hold:73m | MaxSprd:0.33
[11:02:54] XSP: 681.50 | VIX: 21.6 | PnL: $10.35 (45%Max) | TP:45% SL:-22% | 673P(+8) 688C(+6) | Hold:73m | MaxSprd:0.33
[11:03:05] XSP: 681.54 | VIX: 21.7 | PnL: $10.35 (45%Max) | TP:45% SL:-22% | 673P(+9) 688C(+6) | Hold:73m | MaxSprd:0.33
[11:03:16] XSP: 681.44 | VIX: 21.7 | PnL: $10.35 (45%Max) | TP:45% SL:-22% | 673P(+8) 688C(+7) | Hold:73m | MaxSprd:0.33
[11:03:27] XSP: 681.41 | VIX: 21.7 | PnL: $10.35 (45%Max) | TP:45% SL:-22% | 673P(+8) 688C(+7) | Hold:74m | MaxSprd:0.33
[11:03:38] XSP: 681.39 | VIX: 21.7 | PnL: $10.35 (45%Max) | TP:45% SL:-22% | 673P(+8) 688C(+7) | Hold:74m | MaxSprd:0.33
[11:03:48] XSP: 681.23 | VIX: 21.7 | PnL: $10.35 (45%Max) | TP:45% SL:-22% | 673P(+8) 688C(+7) | Hold:74m | MaxSprd:0.33
[11:03:59] XSP: 681.25 | VIX: 21.7 | PnL: $10.35 (45%Max) | TP:45% SL:-22% | 673P(+8) 688C(+7) | Hold:74m | MaxSprd:0.33
[11:04:10] XSP: 681.17 | VIX: 21.7 | PnL: $10.35 (45%Max) | TP:45% SL:-22% | 673P(+8) 688C(+7) | Hold:74m | MaxSprd:0.33
[11:04:21] XSP: 681.19 | VIX: 21.7 | PnL: $10.35 (45%Max) | TP:45% SL:-22% | 673P(+8) 688C(+7) | Hold:75m | MaxSprd:0.33
[11:04:32] XSP: 681.43 | VIX: 21.7 | PnL: $10.35 (45%Max) | TP:45% SL:-22% | 673P(+8) 688C(+7) | Hold:75m | MaxSprd:0.33
[11:04:43] XSP: 681.35 | VIX: 21.7 | PnL: $10.35 (45%Max) | TP:45% SL:-22% | 673P(+8) 688C(+7) | Hold:75m | MaxSprd:0.33
[11:04:54] XSP: 681.33 | VIX: 21.7 | PnL: $8.02 (35%Max) | TP:35% SL:-17% | 673P(+8) 688C(+7) | Hold:75m | MaxSprd:0.33
[11:05:05] XSP: 681.32 | VIX: 21.7 | PnL: $8.02 (35%Max) | TP:35% SL:-17% | 673P(+8) 688C(+7) | Hold:75m | MaxSprd:0.33
[11:05:16] XSP: 681.33 | VIX: 21.7 | PnL: $8.02 (35%Max) | TP:35% SL:-17% | 673P(+8) 688C(+7) | Hold:75m | MaxSprd:0.33
[11:05:27] XSP: 681.44 | VIX: 21.7 | PnL: $8.02 (35%Max) | TP:35% SL:-17% | 673P(+8) 688C(+7) | Hold:76m | MaxSprd:0.33
[11:05:38] XSP: 681.67 | VIX: 21.6 | PnL: $8.02 (35%Max) | TP:35% SL:-17% | 673P(+9) 688C(+6) | Hold:76m | MaxSprd:0.33
[11:05:49] XSP: 681.73 | VIX: 21.6 | PnL: $8.02 (35%Max) | TP:35% SL:-17% | 673P(+9) 688C(+6) | Hold:76m | MaxSprd:0.33
[11:06:00] XSP: 682.16 | VIX: 21.6 | PnL: $8.02 (35%Max) | TP:35% SL:-17% | 673P(+9) 688C(+6) | Hold:76m | MaxSprd:0.33
[11:06:11] XSP: 682.01 | VIX: 21.5 | PnL: $8.02 (35%Max) | TP:35% SL:-17% | 673P(+9) 688C(+6) | Hold:76m | MaxSprd:0.33
[11:06:22] XSP: 681.97 | VIX: 21.5 | PnL: $8.02 (35%Max) | TP:35% SL:-17% | 673P(+9) 688C(+6) | Hold:77m | MaxSprd:0.33
[11:06:33] XSP: 681.95 | VIX: 21.5 | PnL: $8.02 (35%Max) | TP:35% SL:-17% | 673P(+9) 688C(+6) | Hold:77m | MaxSprd:0.33
[11:06:44] XSP: 682.04 | VIX: 21.5 | PnL: $8.02 (35%Max) | TP:35% SL:-17% | 673P(+9) 688C(+6) | Hold:77m | MaxSprd:0.33
[11:06:55] XSP: 682.11 | VIX: 21.5 | PnL: $8.02 (35%Max) | TP:35% SL:-17% | 673P(+9) 688C(+6) | Hold:77m | MaxSprd:0.33
[11:07:06] XSP: 682.24 | VIX: 21.5 | PnL: $8.02 (35%Max) | TP:35% SL:-17% | 673P(+9) 688C(+6) | Hold:77m | MaxSprd:0.33
[11:07:16] XSP: 682.25 | VIX: 21.5 | PnL: $8.02 (35%Max) | TP:35% SL:-17% | 673P(+9) 688C(+6) | Hold:77m | MaxSprd:0.33
[11:07:27] XSP: 682.31 | VIX: 21.5 | PnL: $8.02 (35%Max) | TP:35% SL:-17% | 673P(+9) 688C(+6) | Hold:78m | MaxSprd:0.33
[11:07:38] XSP: 682.30 | VIX: 21.5 | PnL: $8.02 (35%Max) | TP:35% SL:-17% | 673P(+9) 688C(+6) | Hold:78m | MaxSprd:0.33
[11:07:49] XSP: 682.36 | VIX: 21.5 | PnL: $8.02 (35%Max) | TP:35% SL:-17% | 673P(+9) 688C(+6) | Hold:78m | MaxSprd:0.33
